Log file open, 01/28/24 01:37:00
LogWindows: Failed to load 'aqProf.dll' (GetLastError=126)
LogWindows: File 'aqProf.dll' does not exist
LogWindows: Failed to load 'VtuneApi.dll' (GetLastError=126)
LogWindows: File 'VtuneApi.dll' does not exist
LogWindows: Failed to load 'VtuneApi32e.dll' (GetLastError=126)
LogWindows: File 'VtuneApi32e.dll' does not exist
LogConsoleResponse: Display: Failed to find resolution value strings in scalability ini. Falling back to default.
LogConsoleResponse: Display: Failed to find resolution value strings in scalability ini. Falling back to default.
LogInit: Display: Running engine for game: SunsetMall
LogPlatformFile: Not using cached read wrapper
LogTaskGraph: Started task graph with 5 named threads and 47 total threads with 3 sets of task threads.
LogStats: Stats thread started at 0.220015
LogICUInternationalization: ICU TimeZone Detection - Raw Offset: +0:00, Platform Override: ''
LogInit: Display: Loading text-based GConfig....
LogPluginManager: Mounting plugin MeshPainting
LogPluginManager: Mounting plugin XGEController
LogPluginManager: Mounting plugin AISupport
LogPluginManager: Mounting plugin Paper2D
LogPluginManager: Mounting plugin EnvironmentQueryEditor
LogPluginManager: Mounting plugin LiveLink
LogPluginManager: Mounting plugin LightPropagationVolume
LogPluginManager: Mounting plugin GameplayCameras
LogPluginManager: Mounting plugin OodleData
LogPluginManager: Mounting plugin CameraShakePreviewer
LogPluginManager: Mounting plugin AnimationSharing
LogPluginManager: Mounting plugin CodeLiteSourceCodeAccess
LogPluginManager: Mounting plugin CLionSourceCodeAccess
LogPluginManager: Mounting plugin OodleNetwork
LogPluginManager: Mounting plugin KDevelopSourceCodeAccess
LogPluginManager: Mounting plugin NullSourceCodeAccess
LogPluginManager: Mounting plugin PixWinPlugin
LogPluginManager: Mounting plugin PerforceSourceControl
LogPluginManager: Mounting plugin PropertyAccessNode
LogPluginManager: Mounting plugin PlasticSourceControl
LogPluginManager: Mounting plugin GitSourceControl
LogPluginManager: Mounting plugin PluginUtils
LogPluginManager: Mounting plugin SubversionSourceControl
LogPluginManager: Mounting plugin TextureFormatOodle
LogPluginManager: Mounting plugin RiderSourceCodeAccess
LogPluginManager: Mounting plugin UObjectPlugin
LogPluginManager: Mounting plugin VisualStudioCodeSourceCodeAccess
LogPluginManager: Mounting plugin XCodeSourceCodeAccess
LogPluginManager: Mounting plugin AssetManagerEditor
LogPluginManager: Mounting plugin DataValidation
LogPluginManager: Mounting plugin CurveEditorTools
LogPluginManager: Mounting plugin GeometryMode
LogPluginManager: Mounting plugin VisualStudioSourceCodeAccess
LogPluginManager: Mounting plugin GameplayTagsEditor
LogPluginManager: Mounting plugin MacGraphicsSwitching
LogPluginManager: Mounting plugin CryptoKeys
LogPluginManager: Mounting plugin FacialAnimation
LogPluginManager: Mounting plugin MobileLauncherProfileWizard
LogPluginManager: Mounting plugin PluginBrowser
LogPluginManager: Mounting plugin AlembicImporter
LogPluginManager: Mounting plugin SpeedTreeImporter
LogPluginManager: Mounting plugin MaterialAnalyzer
LogPluginManager: Mounting plugin AutomationUtils
LogPluginManager: Mounting plugin BackChannel
LogPluginManager: Mounting plugin ChaosCloth
LogPluginManager: Mounting plugin ChaosClothEditor
LogPluginManager: Mounting plugin ChaosEditor
LogPluginManager: Mounting plugin ChaosNiagara
LogPluginManager: Mounting plugin ChaosSolverPlugin
LogPluginManager: Mounting plugin CharacterAI
LogPluginManager: Mounting plugin DatasmithContent
LogPluginManager: Mounting plugin VariantManagerContent
LogPluginManager: Mounting plugin GeometryCache
LogPluginManager: Mounting plugin GeometryProcessing
LogPluginManager: Mounting plugin LuminPlatformFeatures
LogPluginManager: Mounting plugin GeometryCollectionPlugin
LogPluginManager: Mounting plugin MagicLeap
LogPluginManager: Mounting plugin MagicLeapLightEstimation
LogPluginManager: Mounting plugin MotoSynth
LogPluginManager: Mounting plugin MagicLeapMedia
LogPluginManager: Mounting plugin PlanarCut
LogPluginManager: Mounting plugin PlatformCrypto
LogPluginManager: Mounting plugin MagicLeapPassableWorld
LogPluginManager: Mounting plugin OpenImageDenoise
LogPluginManager: Mounting plugin PythonScriptPlugin
LogPluginManager: Mounting plugin MLSDK
LogPluginManager: Mounting plugin Niagara
LogPluginManager: Mounting plugin ProxyLODPlugin
LogPluginManager: Mounting plugin SkeletalReduction
LogPluginManager: Mounting plugin TcpMessaging
LogPluginManager: Mounting plugin UdpMessaging
LogPluginManager: Mounting plugin AndroidMedia
LogPluginManager: Mounting plugin AvfMedia
LogPluginManager: Mounting plugin MediaCompositing
LogPluginManager: Mounting plugin ImgMedia
LogPluginManager: Mounting plugin MediaPlayerEditor
LogPluginManager: Mounting plugin WmfMedia
LogPluginManager: Mounting plugin WebMMedia
LogPluginManager: Mounting plugin LauncherChunkInstaller
LogPluginManager: Mounting plugin OnlineSubsystem
LogPluginManager: Mounting plugin OnlineSubsystemNull
LogPluginManager: Mounting plugin OnlineSubsystemUtils
LogPluginManager: Mounting plugin ActorSequence
LogPluginManager: Mounting plugin LevelSequenceEditor
LogPluginManager: Mounting plugin MatineeToLevelSequence
LogPluginManager: Mounting plugin ActorLayerUtilities
LogPluginManager: Mounting plugin TemplateSequence
LogPluginManager: Mounting plugin AndroidMoviePlayer
LogPluginManager: Mounting plugin AndroidDeviceProfileSelector
LogPluginManager: Mounting plugin AndroidPermission
LogPluginManager: Mounting plugin AppleMoviePlayer
LogPluginManager: Mounting plugin AudioCapture
LogPluginManager: Mounting plugin ArchVisCharacter
LogPluginManager: Mounting plugin AudioSynesthesia
LogPluginManager: Mounting plugin AssetTags
LogPluginManager: Mounting plugin AppleImageUtils
LogPluginManager: Mounting plugin CableComponent
LogPluginManager: Mounting plugin CustomMeshComponent
LogPluginManager: Mounting plugin ChunkDownloader
LogPluginManager: Mounting plugin EditableMesh
LogPluginManager: Mounting plugin ExampleDeviceProfileSelector
LogPluginManager: Mounting plugin GooglePAD
LogPluginManager: Mounting plugin GoogleCloudMessaging
LogPluginManager: Mounting plugin IOSDeviceProfileSelector
LogPluginManager: Mounting plugin LinuxDeviceProfileSelector
LogPluginManager: Mounting plugin LocationServicesBPLibrary
LogPluginManager: Mounting plugin OpenXREyeTracker
LogPluginManager: Mounting plugin OpenXR
LogPluginManager: Mounting plugin MobilePatchingUtils
LogPluginManager: Mounting plugin OpenXRHandTracking
LogPluginManager: Mounting plugin PhysXVehicles
LogPluginManager: Mounting plugin PostSplashScreen
LogPluginManager: Mounting plugin ProceduralMeshComponent
LogPluginManager: Mounting plugin PropertyAccessEditor
LogPluginManager: Mounting plugin RuntimePhysXCooking
LogPluginManager: Mounting plugin SignificanceManager
LogPluginManager: Mounting plugin SoundFields
LogPluginManager: Mounting plugin Synthesis
LogPluginManager: Mounting plugin WebMMoviePlayer
LogPluginManager: Mounting plugin WindowsMoviePlayer
LogPluginManager: Mounting plugin ScreenshotTools
LogPluginManager: Mounting plugin Takes
LogPluginManager: Mounting plugin ContentBrowserAssetDataSource
LogPluginManager: Mounting plugin ContentBrowserClassDataSource
LogPluginManager: Mounting plugin ContentBrowserFileDataSource
LogPluginManager: Mounting plugin OnlineSubsystemIOS
LogPluginManager: Mounting plugin OnlineSubsystemGooglePlay
LogPluginManager: Mounting plugin OculusVR
LogPluginManager: Mounting plugin SteamVR
PixWinPlugin: PIX capture plugin failed to initialize! Check that the process is launched from PIX.
LogInit: Using libcurl 7.55.1-DEV
LogInit:  - built for x86_64-pc-win32
LogInit:  - supports SSL with OpenSSL/1.1.1
LogInit:  - supports HTTP deflate (compression) using libz 1.2.8
LogInit:  - other features:
LogInit:      CURL_VERSION_SSL
LogInit:      CURL_VERSION_LIBZ
LogInit:      CURL_VERSION_IPV6
LogInit:      CURL_VERSION_ASYNCHDNS
LogInit:      CURL_VERSION_LARGEFILE
LogInit:      CURL_VERSION_IDN
LogInit:  CurlRequestOptions (configurable via config and command line):
LogInit:  - bVerifyPeer = true  - Libcurl will verify peer certificate
LogInit:  - bUseHttpProxy = false  - Libcurl will NOT use HTTP proxy
LogInit:  - bDontReuseConnections = false  - Libcurl will reuse connections
LogInit:  - MaxHostConnections = 16  - Libcurl will limit the number of connections to a host
LogInit:  - LocalHostAddr = Default
LogInit:  - BufferSize = 65536
LogOnline: OSS: Creating online subsystem instance for: NULL
LogInit: WinSock: version 1.1 (2.2), MaxSocks=32767, MaxUdp=65467
LogOnline: OSS: TryLoadSubsystemAndSetDefault: Loaded subsystem for module [NULL]
LogOculusPluginWrapper: OculusPlugin initialized successfully
LogHMD: Failed initializing OVRPlugin 1.59.0
LogInit: Build: ++UE4+Release-4.27-CL-18319896
LogInit: Engine Version: 4.27.2-18319896+++UE4+Release-4.27
LogInit: Compatible Engine Version: 4.27.0-17155196+++UE4+Release-4.27
LogInit: Net CL: 17155196
LogInit: OS: Windows 10 (Release 2009) (), CPU: AMD Ryzen 7 5700X 8-Core Processor             , GPU: NVIDIA GeForce RTX 3060
LogInit: Compiled (64-bit): Nov 30 2021 07:12:08
LogInit: Compiled with Visual C++: 19.24.28315.00
LogInit: Build Configuration: Development
LogInit: Branch Name: ++UE4+Release-4.27
LogInit: Command Line: 
LogInit: Base Directory: C:/Program Files/Epic Games/UE_4.27/Engine/Binaries/Win64/
LogInit: Allocator: TBB
LogInit: Installed Engine Build: 1
LogDevObjectVersion: Number of dev versions registered: 29
LogDevObjectVersion:   Dev-Blueprints (B0D832E4-1F89-4F0D-ACCF-7EB736FD4AA2): 10
LogDevObjectVersion:   Dev-Build (E1C64328-A22C-4D53-A36C-8E866417BD8C): 0
LogDevObjectVersion:   Dev-Core (375EC13C-06E4-48FB-B500-84F0262A717E): 4
LogDevObjectVersion:   Dev-Editor (E4B068ED-F494-42E9-A231-DA0B2E46BB41): 40
LogDevObjectVersion:   Dev-Framework (CFFC743F-43B0-4480-9391-14DF171D2073): 37
LogDevObjectVersion:   Dev-Mobile (B02B49B5-BB20-44E9-A304-32B752E40360): 3
LogDevObjectVersion:   Dev-Networking (A4E4105C-59A1-49B5-A7C5-40C4547EDFEE): 0
LogDevObjectVersion:   Dev-Online (39C831C9-5AE6-47DC-9A44-9C173E1C8E7C): 0
LogDevObjectVersion:   Dev-Physics (78F01B33-EBEA-4F98-B9B4-84EACCB95AA2): 14
LogDevObjectVersion:   Dev-Platform (6631380F-2D4D-43E0-8009-CF276956A95A): 0
LogDevObjectVersion:   Dev-Rendering (12F88B9F-8875-4AFC-A67C-D90C383ABD29): 45
LogDevObjectVersion:   Dev-Sequencer (7B5AE74C-D270-4C10-A958-57980B212A5A): 13
LogDevObjectVersion:   Dev-VR (D7296918-1DD6-4BDD-9DE2-64A83CC13884): 3
LogDevObjectVersion:   Dev-LoadTimes (C2A15278-BFE7-4AFE-6C17-90FF531DF755): 1
LogDevObjectVersion:   Private-Geometry (6EACA3D4-40EC-4CC1-B786-8BED09428FC5): 3
LogDevObjectVersion:   Dev-AnimPhys (29E575DD-E0A3-4627-9D10-D276232CDCEA): 17
LogDevObjectVersion:   Dev-Anim (AF43A65D-7FD3-4947-9873-3E8ED9C1BB05): 15
LogDevObjectVersion:   Dev-ReflectionCapture (6B266CEC-1EC7-4B8F-A30B-E4D90942FC07): 1
LogDevObjectVersion:   Dev-Automation (0DF73D61-A23F-47EA-B727-89E90C41499A): 1
LogDevObjectVersion:   FortniteMain (601D1886-AC64-4F84-AA16-D3DE0DEAC7D6): 47
LogDevObjectVersion:   FortniteRelease (E7086368-6B23-4C58-8439-1B7016265E91): 1
LogDevObjectVersion:   Dev-Enterprise (9DFFBCD6-494F-0158-E221-12823C92A888): 10
LogDevObjectVersion:   Dev-Niagara (F2AED0AC-9AFE-416F-8664-AA7FFA26D6FC): 1
LogDevObjectVersion:   Dev-Destruction (174F1F0B-B4C6-45A5-B13F-2EE8D0FB917D): 10
LogDevObjectVersion:   Dev-Physics-Ext (35F94A83-E258-406C-A318-09F59610247C): 41
LogDevObjectVersion:   Dev-PhysicsMaterial-Chaos (B68FC16E-8B1B-42E2-B453-215C058844FE): 1
LogDevObjectVersion:   Dev-CineCamera (B2E18506-4273-CFC2-A54E-F4BB758BBA07): 1
LogDevObjectVersion:   Dev-VirtualProduction (64F58936-FD1B-42BA-BA96-7289D5D0FA4E): 1
LogDevObjectVersion:   Dev-MediaFramework (6F0ED827-A609-4895-9C91-998D90180EA4): 2
LogInit: Presizing for max 25165824 objects, including 0 objects not considered by GC, pre-allocating 0 bytes for permanent pool.
LogConfig: Applying CVar settings from Section [/Script/Engine.StreamingSettings] File [C:/Users/aiden/Documents/GitHub/Sunset-Mall-Yippee-Test-Mod-Example/Saved/Config/Windows/Engine.ini]
LogConfig: Setting CVar [[s.MinBulkDataSizeForAsyncLoading:131072]]
LogConfig: Setting CVar [[s.AsyncLoadingThreadEnabled:0]]
LogConfig: Setting CVar [[s.EventDrivenLoaderEnabled:1]]
LogConfig: Setting CVar [[s.WarnIfTimeLimitExceeded:0]]
LogConfig: Setting CVar [[s.TimeLimitExceededMultiplier:1.5]]
LogConfig: Setting CVar [[s.TimeLimitExceededMinTime:0.005]]
LogConfig: Setting CVar [[s.UseBackgroundLevelStreaming:1]]
LogConfig: Setting CVar [[s.PriorityAsyncLoadingExtraTime:15.0]]
LogConfig: Setting CVar [[s.LevelStreamingActorsUpdateTimeLimit:5.0]]
LogConfig: Setting CVar [[s.PriorityLevelStreamingActorsUpdateExtraTime:5.0]]
LogConfig: Setting CVar [[s.LevelStreamingComponentsRegistrationGranularity:10]]
LogConfig: Setting CVar [[s.UnregisterComponentsTimeLimit:1.0]]
LogConfig: Setting CVar [[s.LevelStreamingComponentsUnregistrationGranularity:5]]
LogConfig: Setting CVar [[s.FlushStreamingOnExit:1]]
LogInit: Object subsystem initialized
LogConfig: Setting CVar [[con.DebugEarlyDefault:1]]
LogConfig: Setting CVar [[r.setres:1280x720]]
[2024.01.28-01.37.00:575][  0]LogConfig: Setting CVar [[r.VSync:0]]
[2024.01.28-01.37.00:575][  0]LogConfig: Setting CVar [[r.RHICmdBypass:0]]
[2024.01.28-01.37.00:575][  0]LogConfig: Applying CVar settings from Section [/Script/Engine.RendererSettings] File [C:/Users/aiden/Documents/GitHub/Sunset-Mall-Yippee-Test-Mod-Example/Saved/Config/Windows/Engine.ini]
[2024.01.28-01.37.00:575][  0]LogConfig: Setting CVar [[r.GPUCrashDebugging:0]]
[2024.01.28-01.37.00:575][  0]LogConfig: Applying CVar settings from Section [/Script/Engine.RendererOverrideSettings] File [C:/Users/aiden/Documents/GitHub/Sunset-Mall-Yippee-Test-Mod-Example/Saved/Config/Windows/Engine.ini]
[2024.01.28-01.37.00:575][  0]LogConfig: Applying CVar settings from Section [/Script/Engine.StreamingSettings] File [C:/Users/aiden/Documents/GitHub/Sunset-Mall-Yippee-Test-Mod-Example/Saved/Config/Windows/Engine.ini]
[2024.01.28-01.37.00:575][  0]LogConfig: Setting CVar [[s.MinBulkDataSizeForAsyncLoading:131072]]
[2024.01.28-01.37.00:575][  0]LogConfig: Setting CVar [[s.AsyncLoadingThreadEnabled:0]]
[2024.01.28-01.37.00:575][  0]LogConfig: Setting CVar [[s.EventDrivenLoaderEnabled:1]]
[2024.01.28-01.37.00:575][  0]LogConfig: Setting CVar [[s.WarnIfTimeLimitExceeded:0]]
[2024.01.28-01.37.00:575][  0]LogConfig: Setting CVar [[s.TimeLimitExceededMultiplier:1.5]]
[2024.01.28-01.37.00:575][  0]LogConfig: Setting CVar [[s.TimeLimitExceededMinTime:0.005]]
[2024.01.28-01.37.00:575][  0]LogConfig: Setting CVar [[s.UseBackgroundLevelStreaming:1]]
[2024.01.28-01.37.00:575][  0]LogConfig: Setting CVar [[s.PriorityAsyncLoadingExtraTime:15.0]]
[2024.01.28-01.37.00:575][  0]LogConfig: Setting CVar [[s.LevelStreamingActorsUpdateTimeLimit:5.0]]
[2024.01.28-01.37.00:575][  0]LogConfig: Setting CVar [[s.PriorityLevelStreamingActorsUpdateExtraTime:5.0]]
[2024.01.28-01.37.00:575][  0]LogConfig: Setting CVar [[s.LevelStreamingComponentsRegistrationGranularity:10]]
[2024.01.28-01.37.00:576][  0]LogConfig: Setting CVar [[s.UnregisterComponentsTimeLimit:1.0]]
[2024.01.28-01.37.00:576][  0]LogConfig: Setting CVar [[s.LevelStreamingComponentsUnregistrationGranularity:5]]
[2024.01.28-01.37.00:576][  0]LogConfig: Setting CVar [[s.FlushStreamingOnExit:1]]
[2024.01.28-01.37.00:576][  0]LogConfig: Applying CVar settings from Section [/Script/Engine.GarbageCollectionSettings] File [C:/Users/aiden/Documents/GitHub/Sunset-Mall-Yippee-Test-Mod-Example/Saved/Config/Windows/Engine.ini]
[2024.01.28-01.37.00:576][  0]LogConfig: Setting CVar [[gc.MaxObjectsNotConsideredByGC:1]]
[2024.01.28-01.37.00:576][  0]LogConfig: Setting CVar [[gc.SizeOfPermanentObjectPool:0]]
[2024.01.28-01.37.00:576][  0]LogConfig: Setting CVar [[gc.FlushStreamingOnGC:0]]
[2024.01.28-01.37.00:576][  0]LogConfig: Setting CVar [[gc.NumRetriesBeforeForcingGC:10]]
[2024.01.28-01.37.00:576][  0]LogConfig: Setting CVar [[gc.AllowParallelGC:1]]
[2024.01.28-01.37.00:576][  0]LogConfig: Setting CVar [[gc.TimeBetweenPurgingPendingKillObjects:61.1]]
[2024.01.28-01.37.00:576][  0]LogConfig: Setting CVar [[gc.MaxObjectsInEditor:25165824]]
[2024.01.28-01.37.00:576][  0]LogConfig: Setting CVar [[gc.IncrementalBeginDestroyEnabled:1]]
[2024.01.28-01.37.00:576][  0]LogConfig: Setting CVar [[gc.CreateGCClusters:1]]
[2024.01.28-01.37.00:576][  0]LogConfig: Setting CVar [[gc.MinGCClusterSize:5]]
[2024.01.28-01.37.00:576][  0]LogConfig: Setting CVar [[gc.ActorClusteringEnabled:0]]
[2024.01.28-01.37.00:576][  0]LogConfig: Setting CVar [[gc.BlueprintClusteringEnabled:0]]
[2024.01.28-01.37.00:576][  0]LogConfig: Setting CVar [[gc.UseDisregardForGCOnDedicatedServers:0]]
[2024.01.28-01.37.00:576][  0]LogConfig: Setting CVar [[gc.MultithreadedDestructionEnabled:1]]
[2024.01.28-01.37.00:576][  0]LogConfig: Applying CVar settings from Section [/Script/Engine.NetworkSettings] File [C:/Users/aiden/Documents/GitHub/Sunset-Mall-Yippee-Test-Mod-Example/Saved/Config/Windows/Engine.ini]
[2024.01.28-01.37.00:576][  0]LogConfig: Applying CVar settings from Section [/Script/UnrealEd.CookerSettings] File [C:/Users/aiden/Documents/GitHub/Sunset-Mall-Yippee-Test-Mod-Example/Saved/Config/Windows/Engine.ini]
[2024.01.28-01.37.00:586][  0]LogConfig: Applying CVar settings from Section [ViewDistanceQuality@3] File [C:/Users/aiden/Documents/GitHub/Sunset-Mall-Yippee-Test-Mod-Example/Saved/Config/Windows/Scalability.ini]
[2024.01.28-01.37.00:586][  0]LogConfig: Setting CVar [[r.SkeletalMeshLODBias:0]]
[2024.01.28-01.37.00:586][  0]LogConfig: Setting CVar [[r.ViewDistanceScale:1.0]]
[2024.01.28-01.37.00:586][  0]LogConfig: Applying CVar settings from Section [AntiAliasingQuality@3] File [C:/Users/aiden/Documents/GitHub/Sunset-Mall-Yippee-Test-Mod-Example/Saved/Config/Windows/Scalability.ini]
[2024.01.28-01.37.00:586][  0]LogConfig: Setting CVar [[r.PostProcessAAQuality:4]]
[2024.01.28-01.37.00:586][  0]LogConfig: Applying CVar settings from Section [ShadowQuality@3] File [C:/Users/aiden/Documents/GitHub/Sunset-Mall-Yippee-Test-Mod-Example/Saved/Config/Windows/Scalability.ini]
[2024.01.28-01.37.00:586][  0]LogConfig: Setting CVar [[r.LightFunctionQuality:1]]
[2024.01.28-01.37.00:586][  0]LogConfig: Setting CVar [[r.ShadowQuality:5]]
[2024.01.28-01.37.00:586][  0]LogConfig: Setting CVar [[r.Shadow.CSM.MaxCascades:10]]
[2024.01.28-01.37.00:586][  0]LogConfig: Setting CVar [[r.Shadow.MaxResolution:2048]]
[2024.01.28-01.37.00:586][  0]LogConfig: Setting CVar [[r.Shadow.MaxCSMResolution:2048]]
[2024.01.28-01.37.00:586][  0]LogConfig: Setting CVar [[r.Shadow.RadiusThreshold:0.01]]
[2024.01.28-01.37.00:586][  0]LogConfig: Setting CVar [[r.Shadow.DistanceScale:1.0]]
[2024.01.28-01.37.00:586][  0]LogConfig: Setting CVar [[r.Shadow.CSM.TransitionScale:1.0]]
[2024.01.28-01.37.00:586][  0]LogConfig: Setting CVar [[r.Shadow.PreShadowResolutionFactor:1.0]]
[2024.01.28-01.37.00:586][  0]LogConfig: Setting CVar [[r.DistanceFieldShadowing:1]]
[2024.01.28-01.37.00:586][  0]LogConfig: Setting CVar [[r.DistanceFieldAO:1]]
[2024.01.28-01.37.00:586][  0]LogConfig: Setting CVar [[r.AOQuality:2]]
[2024.01.28-01.37.00:586][  0]LogConfig: Setting CVar [[r.VolumetricFog:1]]
[2024.01.28-01.37.00:586][  0]LogConfig: Setting CVar [[r.VolumetricFog.GridPixelSize:8]]
[2024.01.28-01.37.00:586][  0]LogConfig: Setting CVar [[r.VolumetricFog.GridSizeZ:128]]
[2024.01.28-01.37.00:586][  0]LogConfig: Setting CVar [[r.VolumetricFog.HistoryMissSupersampleCount:4]]
[2024.01.28-01.37.00:586][  0]LogConfig: Setting CVar [[r.LightMaxDrawDistanceScale:1]]
[2024.01.28-01.37.00:586][  0]LogConfig: Setting CVar [[r.CapsuleShadows:1]]
[2024.01.28-01.37.00:586][  0]LogConfig: Applying CVar settings from Section [PostProcessQuality@3] File [C:/Users/aiden/Documents/GitHub/Sunset-Mall-Yippee-Test-Mod-Example/Saved/Config/Windows/Scalability.ini]
[2024.01.28-01.37.00:586][  0]LogConfig: Setting CVar [[r.MotionBlurQuality:4]]
[2024.01.28-01.37.00:586][  0]LogConfig: Setting CVar [[r.AmbientOcclusionMipLevelFactor:0.4]]
[2024.01.28-01.37.00:586][  0]LogConfig: Setting CVar [[r.AmbientOcclusionMaxQuality:100]]
[2024.01.28-01.37.00:586][  0]LogConfig: Setting CVar [[r.AmbientOcclusionLevels:-1]]
[2024.01.28-01.37.00:586][  0]LogConfig: Setting CVar [[r.AmbientOcclusionRadiusScale:1.0]]
[2024.01.28-01.37.00:586][  0]LogConfig: Setting CVar [[r.DepthOfFieldQuality:2]]
[2024.01.28-01.37.00:586][  0]LogConfig: Setting CVar [[r.RenderTargetPoolMin:400]]
[2024.01.28-01.37.00:586][  0]LogConfig: Setting CVar [[r.LensFlareQuality:2]]
[2024.01.28-01.37.00:586][  0]LogConfig: Setting CVar [[r.SceneColorFringeQuality:1]]
[2024.01.28-01.37.00:586][  0]LogConfig: Setting CVar [[r.EyeAdaptationQuality:2]]
[2024.01.28-01.37.00:586][  0]LogConfig: Setting CVar [[r.BloomQuality:5]]
[2024.01.28-01.37.00:586][  0]LogConfig: Setting CVar [[r.FastBlurThreshold:100]]
[2024.01.28-01.37.00:586][  0]LogConfig: Setting CVar [[r.Upscale.Quality:3]]
[2024.01.28-01.37.00:586][  0]LogConfig: Setting CVar [[r.Tonemapper.GrainQuantization:1]]
[2024.01.28-01.37.00:586][  0]LogConfig: Setting CVar [[r.LightShaftQuality:1]]
[2024.01.28-01.37.00:586][  0]LogConfig: Setting CVar [[r.Filter.SizeScale:1]]
[2024.01.28-01.37.00:586][  0]LogConfig: Setting CVar [[r.Tonemapper.Quality:5]]
[2024.01.28-01.37.00:586][  0]LogConfig: Setting CVar [[r.DOF.Gather.AccumulatorQuality:1        ; higher gathering accumulator quality]]
[2024.01.28-01.37.00:586][  0]LogConfig: Setting CVar [[r.DOF.Gather.PostfilterMethod:1          ; Median3x3 postfilering method]]
[2024.01.28-01.37.00:586][  0]LogConfig: Setting CVar [[r.DOF.Gather.EnableBokehSettings:0       ; no bokeh simulation when gathering]]
[2024.01.28-01.37.00:586][  0]LogConfig: Setting CVar [[r.DOF.Gather.RingCount:4                 ; medium number of samples when gathering]]
[2024.01.28-01.37.00:586][  0]LogConfig: Setting CVar [[r.DOF.Scatter.ForegroundCompositing:1    ; additive foreground scattering]]
[2024.01.28-01.37.00:586][  0]LogConfig: Setting CVar [[r.DOF.Scatter.BackgroundCompositing:2    ; additive background scattering]]
[2024.01.28-01.37.00:586][  0]LogConfig: Setting CVar [[r.DOF.Scatter.EnableBokehSettings:1      ; bokeh simulation when scattering]]
[2024.01.28-01.37.00:586][  0]LogConfig: Setting CVar [[r.DOF.Scatter.MaxSpriteRatio:0.1         ; only a maximum of 10% of scattered bokeh]]
[2024.01.28-01.37.00:586][  0]LogConfig: Setting CVar [[r.DOF.Recombine.Quality:1                ; cheap slight out of focus]]
[2024.01.28-01.37.00:586][  0]LogConfig: Setting CVar [[r.DOF.Recombine.EnableBokehSettings:0    ; no bokeh simulation on slight out of focus]]
[2024.01.28-01.37.00:586][  0]LogConfig: Setting CVar [[r.DOF.TemporalAAQuality:1                ; more stable temporal accumulation]]
[2024.01.28-01.37.00:586][  0]LogConfig: Setting CVar [[r.DOF.Kernel.MaxForegroundRadius:0.025]]
[2024.01.28-01.37.00:586][  0]LogConfig: Setting CVar [[r.DOF.Kernel.MaxBackgroundRadius:0.025]]
[2024.01.28-01.37.00:586][  0]LogConfig: Applying CVar settings from Section [TextureQuality@3] File [C:/Users/aiden/Documents/GitHub/Sunset-Mall-Yippee-Test-Mod-Example/Saved/Config/Windows/Scalability.ini]
[2024.01.28-01.37.00:586][  0]LogConfig: Setting CVar [[r.Streaming.MipBias:0]]
[2024.01.28-01.37.00:586][  0]LogConfig: Setting CVar [[r.Streaming.AmortizeCPUToGPUCopy:0]]
[2024.01.28-01.37.00:586][  0]LogConfig: Setting CVar [[r.Streaming.MaxNumTexturesToStreamPerFrame:0]]
[2024.01.28-01.37.00:586][  0]LogConfig: Setting CVar [[r.Streaming.Boost:1]]
[2024.01.28-01.37.00:586][  0]LogConfig: Setting CVar [[r.MaxAnisotropy:8]]
[2024.01.28-01.37.00:586][  0]LogConfig: Setting CVar [[r.VT.MaxAnisotropy:8]]
[2024.01.28-01.37.00:586][  0]LogConfig: Setting CVar [[r.Streaming.LimitPoolSizeToVRAM:0]]
[2024.01.28-01.37.00:586][  0]LogConfig: Setting CVar [[r.Streaming.PoolSize:1000]]
[2024.01.28-01.37.00:586][  0]LogConfig: Setting CVar [[r.Streaming.MaxEffectiveScreenSize:0]]
[2024.01.28-01.37.00:586][  0]LogConfig: Applying CVar settings from Section [EffectsQuality@3] File [C:/Users/aiden/Documents/GitHub/Sunset-Mall-Yippee-Test-Mod-Example/Saved/Config/Windows/Scalability.ini]
[2024.01.28-01.37.00:586][  0]LogConfig: Setting CVar [[r.TranslucencyLightingVolumeDim:64]]
[2024.01.28-01.37.00:586][  0]LogConfig: Setting CVar [[r.RefractionQuality:2]]
[2024.01.28-01.37.00:586][  0]LogConfig: Setting CVar [[r.SSR.Quality:3]]
[2024.01.28-01.37.00:586][  0]LogConfig: Setting CVar [[r.SSR.HalfResSceneColor:0]]
[2024.01.28-01.37.00:586][  0]LogConfig: Setting CVar [[r.SceneColorFormat:4]]
[2024.01.28-01.37.00:586][  0]LogConfig: Setting CVar [[r.DetailMode:2]]
[2024.01.28-01.37.00:586][  0]LogConfig: Setting CVar [[r.TranslucencyVolumeBlur:1]]
[2024.01.28-01.37.00:586][  0]LogConfig: Setting CVar [[r.MaterialQualityLevel:1 ; High quality]]
[2024.01.28-01.37.00:586][  0]LogConfig: Setting CVar [[r.AnisotropicMaterials:1]]
[2024.01.28-01.37.00:586][  0]LogConfig: Setting CVar [[r.SSS.Scale:1]]
[2024.01.28-01.37.00:586][  0]LogConfig: Setting CVar [[r.SSS.SampleSet:2]]
[2024.01.28-01.37.00:586][  0]LogConfig: Setting CVar [[r.SSS.Quality:1]]
[2024.01.28-01.37.00:586][  0]LogConfig: Setting CVar [[r.SSS.HalfRes:0]]
[2024.01.28-01.37.00:586][  0]LogConfig: Setting CVar [[r.SSGI.Quality:3]]
[2024.01.28-01.37.00:586][  0]LogConfig: Setting CVar [[r.EmitterSpawnRateScale:1.0]]
[2024.01.28-01.37.00:586][  0]LogConfig: Setting CVar [[r.ParticleLightQuality:2]]
[2024.01.28-01.37.00:586][  0]LogConfig: Setting CVar [[r.SkyAtmosphere.AerialPerspectiveLUT.FastApplyOnOpaque:1 ; Always have FastSkyLUT 1 in this case to avoid wrong sky]]
[2024.01.28-01.37.00:586][  0]LogConfig: Setting CVar [[r.SkyAtmosphere.AerialPerspectiveLUT.SampleCountMaxPerSlice:4]]
[2024.01.28-01.37.00:586][  0]LogConfig: Setting CVar [[r.SkyAtmosphere.AerialPerspectiveLUT.DepthResolution:16.0]]
[2024.01.28-01.37.00:586][  0]LogConfig: Setting CVar [[r.SkyAtmosphere.FastSkyLUT:1]]
[2024.01.28-01.37.00:586][  0]LogConfig: Setting CVar [[r.SkyAtmosphere.FastSkyLUT.SampleCountMin:4.0]]
[2024.01.28-01.37.00:586][  0]LogConfig: Setting CVar [[r.SkyAtmosphere.FastSkyLUT.SampleCountMax:128.0]]
[2024.01.28-01.37.00:586][  0]LogConfig: Setting CVar [[r.SkyAtmosphere.SampleCountMin:4.0]]
[2024.01.28-01.37.00:586][  0]LogConfig: Setting CVar [[r.SkyAtmosphere.SampleCountMax:128.0]]
[2024.01.28-01.37.00:586][  0]LogConfig: Setting CVar [[r.SkyAtmosphere.TransmittanceLUT.UseSmallFormat:0]]
[2024.01.28-01.37.00:586][  0]LogConfig: Setting CVar [[r.SkyAtmosphere.TransmittanceLUT.SampleCount:10.0]]
[2024.01.28-01.37.00:586][  0]LogConfig: Setting CVar [[r.SkyAtmosphere.MultiScatteringLUT.SampleCount:15.0]]
[2024.01.28-01.37.00:586][  0]LogConfig: Setting CVar [[r.SkyLight.RealTimeReflectionCapture:1]]
[2024.01.28-01.37.00:586][  0]LogConfig: Applying CVar settings from Section [FoliageQuality@3] File [C:/Users/aiden/Documents/GitHub/Sunset-Mall-Yippee-Test-Mod-Example/Saved/Config/Windows/Scalability.ini]
[2024.01.28-01.37.00:586][  0]LogConfig: Setting CVar [[foliage.DensityScale:1.0]]
[2024.01.28-01.37.00:586][  0]LogConfig: Setting CVar [[grass.DensityScale:1.0]]
[2024.01.28-01.37.00:586][  0]LogConfig: Applying CVar settings from Section [ShadingQuality@3] File [C:/Users/aiden/Documents/GitHub/Sunset-Mall-Yippee-Test-Mod-Example/Saved/Config/Windows/Scalability.ini]
[2024.01.28-01.37.00:586][  0]LogConfig: Setting CVar [[r.HairStrands.SkyLighting.IntegrationType:2]]
[2024.01.28-01.37.00:586][  0]LogConfig: Setting CVar [[r.HairStrands.SkyAO.SampleCount:4]]
[2024.01.28-01.37.00:586][  0]LogConfig: Setting CVar [[r.HairStrands.Visibility.MSAA.SamplePerPixel:4]]
[2024.01.28-01.37.00:586][  0]LogInit: Selected Device Profile: [Windows]
[2024.01.28-01.37.00:586][  0]LogInit: Applying CVar settings loaded from the selected device profile: [Windows]
[2024.01.28-01.37.00:586][  0]LogHAL: Display: Platform has ~ 32 GB [34240602112 / 34359738368 / 32], which maps to Largest [LargestMinGB=32, LargerMinGB=12, DefaultMinGB=8, SmallerMinGB=6, SmallestMinGB=0)
[2024.01.28-01.37.00:586][  0]LogInit: Going up to parent DeviceProfile []
[2024.01.28-01.37.00:586][  0]LogConfig: Applying CVar settings from Section [ViewDistanceQuality@3] File [C:/Users/aiden/Documents/GitHub/Sunset-Mall-Yippee-Test-Mod-Example/Saved/Config/Windows/Scalability.ini]
[2024.01.28-01.37.00:586][  0]LogConfig: Setting CVar [[r.SkeletalMeshLODBias:0]]
[2024.01.28-01.37.00:586][  0]LogConfig: Setting CVar [[r.ViewDistanceScale:1.0]]
[2024.01.28-01.37.00:586][  0]LogConfig: Applying CVar settings from Section [AntiAliasingQuality@3] File [C:/Users/aiden/Documents/GitHub/Sunset-Mall-Yippee-Test-Mod-Example/Saved/Config/Windows/Scalability.ini]
[2024.01.28-01.37.00:586][  0]LogConfig: Setting CVar [[r.PostProcessAAQuality:4]]
[2024.01.28-01.37.00:586][  0]LogConfig: Applying CVar settings from Section [ShadowQuality@3] File [C:/Users/aiden/Documents/GitHub/Sunset-Mall-Yippee-Test-Mod-Example/Saved/Config/Windows/Scalability.ini]
[2024.01.28-01.37.00:587][  0]LogConfig: Setting CVar [[r.LightFunctionQuality:1]]
[2024.01.28-01.37.00:587][  0]LogConfig: Setting CVar [[r.ShadowQuality:5]]
[2024.01.28-01.37.00:587][  0]LogConfig: Setting CVar [[r.Shadow.CSM.MaxCascades:10]]
[2024.01.28-01.37.00:587][  0]LogConfig: Setting CVar [[r.Shadow.MaxResolution:2048]]
[2024.01.28-01.37.00:587][  0]LogConfig: Setting CVar [[r.Shadow.MaxCSMResolution:2048]]
[2024.01.28-01.37.00:587][  0]LogConfig: Setting CVar [[r.Shadow.RadiusThreshold:0.01]]
[2024.01.28-01.37.00:587][  0]LogConfig: Setting CVar [[r.Shadow.DistanceScale:1.0]]
[2024.01.28-01.37.00:587][  0]LogConfig: Setting CVar [[r.Shadow.CSM.TransitionScale:1.0]]
[2024.01.28-01.37.00:587][  0]LogConfig: Setting CVar [[r.Shadow.PreShadowResolutionFactor:1.0]]
[2024.01.28-01.37.00:587][  0]LogConfig: Setting CVar [[r.DistanceFieldShadowing:1]]
[2024.01.28-01.37.00:587][  0]LogConfig: Setting CVar [[r.DistanceFieldAO:1]]
[2024.01.28-01.37.00:587][  0]LogConfig: Setting CVar [[r.AOQuality:2]]
[2024.01.28-01.37.00:587][  0]LogConfig: Setting CVar [[r.VolumetricFog:1]]
[2024.01.28-01.37.00:587][  0]LogConfig: Setting CVar [[r.VolumetricFog.GridPixelSize:8]]
[2024.01.28-01.37.00:587][  0]LogConfig: Setting CVar [[r.VolumetricFog.GridSizeZ:128]]
[2024.01.28-01.37.00:587][  0]LogConfig: Setting CVar [[r.VolumetricFog.HistoryMissSupersampleCount:4]]
[2024.01.28-01.37.00:587][  0]LogConfig: Setting CVar [[r.LightMaxDrawDistanceScale:1]]
[2024.01.28-01.37.00:587][  0]LogConfig: Setting CVar [[r.CapsuleShadows:1]]
[2024.01.28-01.37.00:587][  0]LogConfig: Applying CVar settings from Section [PostProcessQuality@3] File [C:/Users/aiden/Documents/GitHub/Sunset-Mall-Yippee-Test-Mod-Example/Saved/Config/Windows/Scalability.ini]
[2024.01.28-01.37.00:587][  0]LogConfig: Setting CVar [[r.MotionBlurQuality:4]]
[2024.01.28-01.37.00:587][  0]LogConfig: Setting CVar [[r.AmbientOcclusionMipLevelFactor:0.4]]
[2024.01.28-01.37.00:587][  0]LogConfig: Setting CVar [[r.AmbientOcclusionMaxQuality:100]]
[2024.01.28-01.37.00:587][  0]LogConfig: Setting CVar [[r.AmbientOcclusionLevels:-1]]
[2024.01.28-01.37.00:587][  0]LogConfig: Setting CVar [[r.AmbientOcclusionRadiusScale:1.0]]
[2024.01.28-01.37.00:587][  0]LogConfig: Setting CVar [[r.DepthOfFieldQuality:2]]
[2024.01.28-01.37.00:587][  0]LogConfig: Setting CVar [[r.RenderTargetPoolMin:400]]
[2024.01.28-01.37.00:587][  0]LogConfig: Setting CVar [[r.LensFlareQuality:2]]
[2024.01.28-01.37.00:587][  0]LogConfig: Setting CVar [[r.SceneColorFringeQuality:1]]
[2024.01.28-01.37.00:587][  0]LogConfig: Setting CVar [[r.EyeAdaptationQuality:2]]
[2024.01.28-01.37.00:587][  0]LogConfig: Setting CVar [[r.BloomQuality:5]]
[2024.01.28-01.37.00:587][  0]LogConfig: Setting CVar [[r.FastBlurThreshold:100]]
[2024.01.28-01.37.00:587][  0]LogConfig: Setting CVar [[r.Upscale.Quality:3]]
[2024.01.28-01.37.00:587][  0]LogConfig: Setting CVar [[r.Tonemapper.GrainQuantization:1]]
[2024.01.28-01.37.00:587][  0]LogConfig: Setting CVar [[r.LightShaftQuality:1]]
[2024.01.28-01.37.00:587][  0]LogConfig: Setting CVar [[r.Filter.SizeScale:1]]
[2024.01.28-01.37.00:587][  0]LogConfig: Setting CVar [[r.Tonemapper.Quality:5]]
[2024.01.28-01.37.00:587][  0]LogConfig: Setting CVar [[r.DOF.Gather.AccumulatorQuality:1        ; higher gathering accumulator quality]]
[2024.01.28-01.37.00:587][  0]LogConfig: Setting CVar [[r.DOF.Gather.PostfilterMethod:1          ; Median3x3 postfilering method]]
[2024.01.28-01.37.00:587][  0]LogConfig: Setting CVar [[r.DOF.Gather.EnableBokehSettings:0       ; no bokeh simulation when gathering]]
[2024.01.28-01.37.00:587][  0]LogConfig: Setting CVar [[r.DOF.Gather.RingCount:4                 ; medium number of samples when gathering]]
[2024.01.28-01.37.00:587][  0]LogConfig: Setting CVar [[r.DOF.Scatter.ForegroundCompositing:1    ; additive foreground scattering]]
[2024.01.28-01.37.00:587][  0]LogConfig: Setting CVar [[r.DOF.Scatter.BackgroundCompositing:2    ; additive background scattering]]
[2024.01.28-01.37.00:587][  0]LogConfig: Setting CVar [[r.DOF.Scatter.EnableBokehSettings:1      ; bokeh simulation when scattering]]
[2024.01.28-01.37.00:587][  0]LogConfig: Setting CVar [[r.DOF.Scatter.MaxSpriteRatio:0.1         ; only a maximum of 10% of scattered bokeh]]
[2024.01.28-01.37.00:587][  0]LogConfig: Setting CVar [[r.DOF.Recombine.Quality:1                ; cheap slight out of focus]]
[2024.01.28-01.37.00:587][  0]LogConfig: Setting CVar [[r.DOF.Recombine.EnableBokehSettings:0    ; no bokeh simulation on slight out of focus]]
[2024.01.28-01.37.00:587][  0]LogConfig: Setting CVar [[r.DOF.TemporalAAQuality:1                ; more stable temporal accumulation]]
[2024.01.28-01.37.00:587][  0]LogConfig: Setting CVar [[r.DOF.Kernel.MaxForegroundRadius:0.025]]
[2024.01.28-01.37.00:587][  0]LogConfig: Setting CVar [[r.DOF.Kernel.MaxBackgroundRadius:0.025]]
[2024.01.28-01.37.00:587][  0]LogConfig: Applying CVar settings from Section [TextureQuality@3] File [C:/Users/aiden/Documents/GitHub/Sunset-Mall-Yippee-Test-Mod-Example/Saved/Config/Windows/Scalability.ini]
[2024.01.28-01.37.00:587][  0]LogConfig: Setting CVar [[r.Streaming.MipBias:0]]
[2024.01.28-01.37.00:587][  0]LogConfig: Setting CVar [[r.Streaming.AmortizeCPUToGPUCopy:0]]
[2024.01.28-01.37.00:587][  0]LogConfig: Setting CVar [[r.Streaming.MaxNumTexturesToStreamPerFrame:0]]
[2024.01.28-01.37.00:587][  0]LogConfig: Setting CVar [[r.Streaming.Boost:1]]
[2024.01.28-01.37.00:587][  0]LogConfig: Setting CVar [[r.MaxAnisotropy:8]]
[2024.01.28-01.37.00:587][  0]LogConfig: Setting CVar [[r.VT.MaxAnisotropy:8]]
[2024.01.28-01.37.00:587][  0]LogConfig: Setting CVar [[r.Streaming.LimitPoolSizeToVRAM:0]]
[2024.01.28-01.37.00:587][  0]LogConfig: Setting CVar [[r.Streaming.PoolSize:1000]]
[2024.01.28-01.37.00:587][  0]LogConfig: Setting CVar [[r.Streaming.MaxEffectiveScreenSize:0]]
[2024.01.28-01.37.00:587][  0]LogConfig: Applying CVar settings from Section [EffectsQuality@3] File [C:/Users/aiden/Documents/GitHub/Sunset-Mall-Yippee-Test-Mod-Example/Saved/Config/Windows/Scalability.ini]
[2024.01.28-01.37.00:587][  0]LogConfig: Setting CVar [[r.TranslucencyLightingVolumeDim:64]]
[2024.01.28-01.37.00:587][  0]LogConfig: Setting CVar [[r.RefractionQuality:2]]
[2024.01.28-01.37.00:587][  0]LogConfig: Setting CVar [[r.SSR.Quality:3]]
[2024.01.28-01.37.00:587][  0]LogConfig: Setting CVar [[r.SSR.HalfResSceneColor:0]]
[2024.01.28-01.37.00:587][  0]LogConfig: Setting CVar [[r.SceneColorFormat:4]]
[2024.01.28-01.37.00:587][  0]LogConfig: Setting CVar [[r.DetailMode:2]]
[2024.01.28-01.37.00:587][  0]LogConfig: Setting CVar [[r.TranslucencyVolumeBlur:1]]
[2024.01.28-01.37.00:587][  0]LogConfig: Setting CVar [[r.MaterialQualityLevel:1 ; High quality]]
[2024.01.28-01.37.00:587][  0]LogConfig: Setting CVar [[r.AnisotropicMaterials:1]]
[2024.01.28-01.37.00:587][  0]LogConfig: Setting CVar [[r.SSS.Scale:1]]
[2024.01.28-01.37.00:587][  0]LogConfig: Setting CVar [[r.SSS.SampleSet:2]]
[2024.01.28-01.37.00:587][  0]LogConfig: Setting CVar [[r.SSS.Quality:1]]
[2024.01.28-01.37.00:587][  0]LogConfig: Setting CVar [[r.SSS.HalfRes:0]]
[2024.01.28-01.37.00:587][  0]LogConfig: Setting CVar [[r.SSGI.Quality:3]]
[2024.01.28-01.37.00:587][  0]LogConfig: Setting CVar [[r.EmitterSpawnRateScale:1.0]]
[2024.01.28-01.37.00:587][  0]LogConfig: Setting CVar [[r.ParticleLightQuality:2]]
[2024.01.28-01.37.00:587][  0]LogConfig: Setting CVar [[r.SkyAtmosphere.AerialPerspectiveLUT.FastApplyOnOpaque:1 ; Always have FastSkyLUT 1 in this case to avoid wrong sky]]
[2024.01.28-01.37.00:587][  0]LogConfig: Setting CVar [[r.SkyAtmosphere.AerialPerspectiveLUT.SampleCountMaxPerSlice:4]]
[2024.01.28-01.37.00:587][  0]LogConfig: Setting CVar [[r.SkyAtmosphere.AerialPerspectiveLUT.DepthResolution:16.0]]
[2024.01.28-01.37.00:587][  0]LogConfig: Setting CVar [[r.SkyAtmosphere.FastSkyLUT:1]]
[2024.01.28-01.37.00:587][  0]LogConfig: Setting CVar [[r.SkyAtmosphere.FastSkyLUT.SampleCountMin:4.0]]
[2024.01.28-01.37.00:587][  0]LogConfig: Setting CVar [[r.SkyAtmosphere.FastSkyLUT.SampleCountMax:128.0]]
[2024.01.28-01.37.00:587][  0]LogConfig: Setting CVar [[r.SkyAtmosphere.SampleCountMin:4.0]]
[2024.01.28-01.37.00:587][  0]LogConfig: Setting CVar [[r.SkyAtmosphere.SampleCountMax:128.0]]
[2024.01.28-01.37.00:587][  0]LogConfig: Setting CVar [[r.SkyAtmosphere.TransmittanceLUT.UseSmallFormat:0]]
[2024.01.28-01.37.00:587][  0]LogConfig: Setting CVar [[r.SkyAtmosphere.TransmittanceLUT.SampleCount:10.0]]
[2024.01.28-01.37.00:587][  0]LogConfig: Setting CVar [[r.SkyAtmosphere.MultiScatteringLUT.SampleCount:15.0]]
[2024.01.28-01.37.00:587][  0]LogConfig: Setting CVar [[r.SkyLight.RealTimeReflectionCapture:1]]
[2024.01.28-01.37.00:587][  0]LogConfig: Applying CVar settings from Section [FoliageQuality@3] File [C:/Users/aiden/Documents/GitHub/Sunset-Mall-Yippee-Test-Mod-Example/Saved/Config/Windows/Scalability.ini]
[2024.01.28-01.37.00:587][  0]LogConfig: Setting CVar [[foliage.DensityScale:1.0]]
[2024.01.28-01.37.00:587][  0]LogConfig: Setting CVar [[grass.DensityScale:1.0]]
[2024.01.28-01.37.00:587][  0]LogConfig: Applying CVar settings from Section [ShadingQuality@3] File [C:/Users/aiden/Documents/GitHub/Sunset-Mall-Yippee-Test-Mod-Example/Saved/Config/Windows/Scalability.ini]
[2024.01.28-01.37.00:587][  0]LogConfig: Setting CVar [[r.HairStrands.SkyLighting.IntegrationType:2]]
[2024.01.28-01.37.00:587][  0]LogConfig: Setting CVar [[r.HairStrands.SkyAO.SampleCount:4]]
[2024.01.28-01.37.00:587][  0]LogConfig: Setting CVar [[r.HairStrands.Visibility.MSAA.SamplePerPixel:4]]
[2024.01.28-01.37.00:587][  0]LogConfig: Applying CVar settings from Section [Startup] File [../../../Engine/Config/ConsoleVariables.ini]
[2024.01.28-01.37.00:587][  0]LogConfig: Setting CVar [[net.UseAdaptiveNetUpdateFrequency:0]]
[2024.01.28-01.37.00:587][  0]LogConfig: Setting CVar [[p.chaos.AllowCreatePhysxBodies:1]]
[2024.01.28-01.37.00:587][  0]LogConfig: Setting CVar [[fx.SkipVectorVMBackendOptimizations:1]]
[2024.01.28-01.37.00:587][  0]LogConfig: Applying CVar settings from Section [ConsoleVariables] File [C:/Users/aiden/Documents/GitHub/Sunset-Mall-Yippee-Test-Mod-Example/Saved/Config/Windows/Engine.ini]
[2024.01.28-01.37.00:587][  0]LogConfig: Applying CVar settings from Section [ConsoleVariables] File [C:/Users/aiden/Documents/GitHub/Sunset-Mall-Yippee-Test-Mod-Example/Saved/Config/Windows/Editor.ini]
[2024.01.28-01.37.00:588][  0]LogInit: Computer: HECKPC
[2024.01.28-01.37.00:588][  0]LogInit: User: aiden
[2024.01.28-01.37.00:588][  0]LogInit: CPU Page size=4096, Cores=8
[2024.01.28-01.37.00:588][  0]LogInit: High frequency timer resolution =10.000000 MHz
[2024.01.28-01.37.00:588][  0]LogMemory: Memory total: Physical=31.9GB (32GB approx)
[2024.01.28-01.37.00:588][  0]LogMemory: Platform Memory Stats for Windows
[2024.01.28-01.37.00:588][  0]LogMemory: Process Physical Memory: 148.97 MB used, 148.97 MB peak
[2024.01.28-01.37.00:588][  0]LogMemory: Process Virtual Memory: 131.43 MB used, 131.43 MB peak
[2024.01.28-01.37.00:588][  0]LogMemory: Physical Memory: 18672.34 MB used,  13982.05 MB free, 32654.38 MB total
[2024.01.28-01.37.00:588][  0]LogMemory: Virtual Memory: 134197720.00 MB used,  20005.96 MB free, 134217728.00 MB total
[2024.01.28-01.37.00:592][  0]LogWindows: WindowsPlatformFeatures enabled
[2024.01.28-01.37.00:626][  0]LogInit: Physics initialised using underlying interface: PhysX
[2024.01.28-01.37.00:627][  0]LogInit: Using OS detected language (en-US).
[2024.01.28-01.37.00:627][  0]LogInit: Using OS detected locale (en-GB).
[2024.01.28-01.37.00:632][  0]LogTextLocalizationManager: No specific localization for 'en-US' exists, so the 'en' localization will be used.
[2024.01.28-01.37.00:784][  0]LogInit: Setting process to per monitor DPI aware
[2024.01.28-01.37.00:795][  0]LogWindowsTextInputMethodSystem: Display: IME system deactivated.
[2024.01.28-01.37.00:806][  0]LogSlate: New Slate User Created.  User Index 0, Is Virtual User: 0
[2024.01.28-01.37.00:806][  0]LogSlate: Slate User Registered.  User Index 0, Is Virtual User: 0
[2024.01.28-01.37.00:944][  0]LogD3D11RHI: Loaded GFSDK_Aftermath_Lib.x64.dll
[2024.01.28-01.37.00:948][  0]LogHMD: Failed to initialize OpenVR with code 110
[2024.01.28-01.37.00:948][  0]LogD3D11RHI: D3D11 min allowed feature level: 11_0
[2024.01.28-01.37.00:948][  0]LogD3D11RHI: D3D11 max allowed feature level: 11_0
[2024.01.28-01.37.00:948][  0]LogD3D11RHI: D3D11 adapters:
[2024.01.28-01.37.01:067][  0]LogD3D11RHI:    0. 'NVIDIA GeForce RTX 3060' (Feature Level 11_0)
[2024.01.28-01.37.01:067][  0]LogD3D11RHI:       12129/0/16327 MB DedicatedVideo/DedicatedSystem/SharedSystem, Outputs:1, VendorId:0x10de
[2024.01.28-01.37.01:069][  0]LogD3D11RHI:    1. 'Microsoft Basic Render Driver' (Feature Level 11_0)
[2024.01.28-01.37.01:069][  0]LogD3D11RHI:       0/0/16327 MB DedicatedVideo/DedicatedSystem/SharedSystem, Outputs:0, VendorId:0x1414
[2024.01.28-01.37.01:069][  0]LogD3D11RHI: Chosen D3D11 Adapter:
[2024.01.28-01.37.01:069][  0]LogD3D11RHI:     Description : NVIDIA GeForce RTX 3060
[2024.01.28-01.37.01:069][  0]LogD3D11RHI:     VendorId    : 10de
[2024.01.28-01.37.01:069][  0]LogD3D11RHI:     DeviceId    : 2504
[2024.01.28-01.37.01:069][  0]LogD3D11RHI:     SubSysId    : 397d1462
[2024.01.28-01.37.01:069][  0]LogD3D11RHI:     Revision    : 00a1
[2024.01.28-01.37.01:069][  0]LogD3D11RHI:     DedicatedVideoMemory : 12718178304 bytes
[2024.01.28-01.37.01:069][  0]LogD3D11RHI:     DedicatedSystemMemory : 0 bytes
[2024.01.28-01.37.01:069][  0]LogD3D11RHI:     SharedSystemMemory : 17120301056 bytes
[2024.01.28-01.37.01:069][  0]LogD3D11RHI:     AdapterLuid : 0 59677
[2024.01.28-01.37.01:080][  0]LogD3D11RHI: Creating new Direct3DDevice
[2024.01.28-01.37.01:080][  0]LogD3D11RHI:     GPU DeviceId: 0x2504 (for the marketing name, search the web for "GPU Device Id")
[2024.01.28-01.37.01:080][  0]LogWindows: EnumDisplayDevices:
[2024.01.28-01.37.01:081][  0]LogWindows:    0. 'NVIDIA GeForce RTX 3060' (P:1 D:1)
[2024.01.28-01.37.01:081][  0]LogWindows:    1. 'NVIDIA GeForce RTX 3060' (P:0 D:0)
[2024.01.28-01.37.01:081][  0]LogWindows:    2. 'NVIDIA GeForce RTX 3060' (P:0 D:0)
[2024.01.28-01.37.01:081][  0]LogWindows:    3. 'NVIDIA GeForce RTX 3060' (P:0 D:0)
[2024.01.28-01.37.01:081][  0]LogWindows: DebugString: FoundDriverCount:4 
[2024.01.28-01.37.01:081][  0]LogD3D11RHI:     Adapter Name: NVIDIA GeForce RTX 3060
[2024.01.28-01.37.01:081][  0]LogD3D11RHI:   Driver Version: 546.33 (internal:31.0.15.4633, unified:546.33)
[2024.01.28-01.37.01:081][  0]LogD3D11RHI:      Driver Date: 12-6-2023
[2024.01.28-01.37.01:081][  0]LogRHI: Texture pool is 8490 MB (70% of 12129 MB)
[2024.01.28-01.37.01:081][  0]LogD3D11RHI: Creating D3DDevice using adapter:
[2024.01.28-01.37.01:081][  0]LogD3D11RHI:     Description : NVIDIA GeForce RTX 3060
[2024.01.28-01.37.01:081][  0]LogD3D11RHI:     VendorId    : 10de
[2024.01.28-01.37.01:081][  0]LogD3D11RHI:     DeviceId    : 2504
[2024.01.28-01.37.01:081][  0]LogD3D11RHI:     SubSysId    : 397d1462
[2024.01.28-01.37.01:081][  0]LogD3D11RHI:     Revision    : 00a1
[2024.01.28-01.37.01:081][  0]LogD3D11RHI:     DedicatedVideoMemory : 12718178304 bytes
[2024.01.28-01.37.01:081][  0]LogD3D11RHI:     DedicatedSystemMemory : 0 bytes
[2024.01.28-01.37.01:081][  0]LogD3D11RHI:     SharedSystemMemory : 17120301056 bytes
[2024.01.28-01.37.01:081][  0]LogD3D11RHI:     AdapterLuid : 0 59677
[2024.01.28-01.37.01:158][  0]LogD3D11RHI: RHI has support for 64 bit atomics
[2024.01.28-01.37.01:159][  0]LogD3D11RHI: Async texture creation enabled
[2024.01.28-01.37.01:159][  0]LogD3D11RHI: Array index from any shader is supported
[2024.01.28-01.37.01:188][  0]LogD3D11RHI: GPU Timing Frequency: 1000.000000 (Debug: 2 2)
[2024.01.28-01.37.01:210][  0]LogRHI: GeForceNow SDK initialized: 1
[2024.01.28-01.37.01:477][  0]LogTargetPlatformManager: Display: Loaded TargetPlatform 'AllDesktop'
[2024.01.28-01.37.01:506][  0]LogTargetPlatformManager: Display: Loaded TargetPlatform 'Android'
[2024.01.28-01.37.01:506][  0]LogTargetPlatformManager: Display: Loaded TargetPlatform 'Android_ASTC'
[2024.01.28-01.37.01:506][  0]LogTargetPlatformManager: Display: Loaded TargetPlatform 'Android_DXT'
[2024.01.28-01.37.01:506][  0]LogTargetPlatformManager: Display: Loaded TargetPlatform 'Android_ETC2'
[2024.01.28-01.37.01:506][  0]LogTargetPlatformManager: Display: Loaded TargetPlatform 'AndroidClient'
[2024.01.28-01.37.01:506][  0]LogTargetPlatformManager: Display: Loaded TargetPlatform 'Android_ASTCClient'
[2024.01.28-01.37.01:506][  0]LogTargetPlatformManager: Display: Loaded TargetPlatform 'Android_DXTClient'
[2024.01.28-01.37.01:506][  0]LogTargetPlatformManager: Display: Loaded TargetPlatform 'Android_ETC2Client'
[2024.01.28-01.37.01:506][  0]LogTargetPlatformManager: Display: Loaded TargetPlatform 'Android_Multi'
[2024.01.28-01.37.01:506][  0]LogTargetPlatformManager: Display: Loaded TargetPlatform 'Android_MultiClient'
[2024.01.28-01.37.01:527][  0]LogTargetPlatformManager: Display: Loaded TargetPlatform 'IOSClient'
[2024.01.28-01.37.01:527][  0]LogTargetPlatformManager: Display: Loaded TargetPlatform 'IOS'
[2024.01.28-01.37.01:536][  0]LogTargetPlatformManager: Display: Loaded TargetPlatform 'Linux'
[2024.01.28-01.37.01:541][  0]LogTargetPlatformManager: Display: Loaded TargetPlatform 'LinuxNoEditor'
[2024.01.28-01.37.01:546][  0]LogTargetPlatformManager: Display: Loaded TargetPlatform 'LinuxClient'
[2024.01.28-01.37.01:551][  0]LogTargetPlatformManager: Display: Loaded TargetPlatform 'LinuxServer'
[2024.01.28-01.37.01:561][  0]LogTargetPlatformManager: Display: Loaded TargetPlatform 'LinuxAArch64NoEditor'
[2024.01.28-01.37.01:567][  0]LogTargetPlatformManager: Display: Loaded TargetPlatform 'LinuxAArch64Client'
[2024.01.28-01.37.01:572][  0]LogTargetPlatformManager: Display: Loaded TargetPlatform 'LinuxAArch64Server'
[2024.01.28-01.37.01:592][  0]LogTargetPlatformManager: Display: Loaded TargetPlatform 'Lumin'
[2024.01.28-01.37.01:592][  0]LogTargetPlatformManager: Display: Loaded TargetPlatform 'LuminClient'
[2024.01.28-01.37.01:599][  0]LogTargetPlatformManager: Display: Loaded TargetPlatform 'MacNoEditor'
[2024.01.28-01.37.01:603][  0]LogTargetPlatformManager: Display: Loaded TargetPlatform 'Mac'
[2024.01.28-01.37.01:607][  0]LogTargetPlatformManager: Display: Loaded TargetPlatform 'MacClient'
[2024.01.28-01.37.01:611][  0]LogTargetPlatformManager: Display: Loaded TargetPlatform 'MacServer'
[2024.01.28-01.37.01:620][  0]LogTargetPlatformManager: Display: Loaded TargetPlatform 'TVOSClient'
[2024.01.28-01.37.01:620][  0]LogTargetPlatformManager: Display: Loaded TargetPlatform 'TVOS'
[2024.01.28-01.37.01:627][  0]LogTargetPlatformManager: Display: Loaded TargetPlatform 'WindowsNoEditor'
[2024.01.28-01.37.01:632][  0]LogTargetPlatformManager: Display: Loaded TargetPlatform 'Windows'
[2024.01.28-01.37.01:636][  0]LogTargetPlatformManager: Display: Loaded TargetPlatform 'WindowsClient'
[2024.01.28-01.37.01:639][  0]LogTargetPlatformManager: Display: Loaded TargetPlatform 'WindowsServer'
[2024.01.28-01.37.01:639][  0]LogTargetPlatformManager: Display: Building Assets For Windows
[2024.01.28-01.37.01:647][  0]LogAudioDebug: Display: Lib vorbis DLL was dynamically loaded.
[2024.01.28-01.37.01:675][  0]LogTextureFormatOodle: Display: Oodle Texture 2.9.0 init RDO Off
[2024.01.28-01.37.01:704][  0]LogRendererCore: Ray tracing is disabled. Reason: r.RayTracing=0.
[2024.01.28-01.37.01:704][  0]LogShaderCompilers: Guid format shader working directory is -37 characters bigger than the processId version (../../../../../../Users/aiden/Documents/GitHub/Sunset-Mall-Yippee-Test-Mod-Example/Intermediate/Shaders/WorkingDirectory/38904/).
[2024.01.28-01.37.01:704][  0]LogShaderCompilers: Cleaned the shader compiler working directory 'C:/Users/aiden/AppData/Local/Temp/UnrealShaderWorkingDir/98B0D0A545D9F7FEDD7031B97E9CD960/'.
[2024.01.28-01.37.01:704][  0]LogXGEController: Cannot use XGE Controller as Incredibuild is not installed on this machine.
[2024.01.28-01.37.01:704][  0]LogShaderCompilers: Cannot use XGE Shader Compiler as Incredibuild is not installed on this machine.
[2024.01.28-01.37.01:705][  0]LogShaderCompilers: Display: Using Local Shader Compiler.
[2024.01.28-01.37.02:278][  0]LogDerivedDataCache: Display: Max Cache Size: 512 MB
[2024.01.28-01.37.02:283][  0]LogDerivedDataCache: Loaded boot cache 0.00s 15MB C:/Users/aiden/AppData/Local/UnrealEngine/4.27/DerivedDataCache/Boot.ddc.
[2024.01.28-01.37.02:283][  0]LogDerivedDataCache: Display: Loaded Boot cache: C:/Users/aiden/AppData/Local/UnrealEngine/4.27/DerivedDataCache/Boot.ddc
[2024.01.28-01.37.02:283][  0]LogDerivedDataCache: FDerivedDataBackendGraph:  Pak pak cache file ../../../../../../Users/aiden/Documents/GitHub/Sunset-Mall-Yippee-Test-Mod-Example/DerivedDataCache/DDC.ddp not found, will not use a pak cache.
[2024.01.28-01.37.02:283][  0]LogDerivedDataCache: Unable to find inner node Pak for hierarchical cache Hierarchy.
[2024.01.28-01.37.02:283][  0]LogDerivedDataCache: FDerivedDataBackendGraph:  CompressedPak pak cache file ../../../../../../Users/aiden/Documents/GitHub/Sunset-Mall-Yippee-Test-Mod-Example/DerivedDataCache/Compressed.ddp not found, will not use a pak cache.
[2024.01.28-01.37.02:283][  0]LogDerivedDataCache: Unable to find inner node CompressedPak for hierarchical cache Hierarchy.
[2024.01.28-01.37.02:297][  0]LogDerivedDataCache: Display: Pak cache opened for reading ../../../Engine/DerivedDataCache/Compressed.ddp.
[2024.01.28-01.37.02:297][  0]LogDerivedDataCache: FDerivedDataBackendGraph:  EnterprisePak pak cache file ../../../Enterprise/DerivedDataCache/Compressed.ddp not found, will not use a pak cache.
[2024.01.28-01.37.02:297][  0]LogDerivedDataCache: Unable to find inner node EnterprisePak for hierarchical cache Hierarchy.
[2024.01.28-01.37.02:304][  0]LogDerivedDataCache: Speed tests for C:/Users/aiden/AppData/Local/UnrealEngine/Common/DerivedDataCache took 0.01 seconds
[2024.01.28-01.37.02:304][  0]LogDerivedDataCache: Display: Performance to C:/Users/aiden/AppData/Local/UnrealEngine/Common/DerivedDataCache: Latency=0.04ms. RandomReadSpeed=1110.34MBs, RandomWriteSpeed=189.92MBs. Assigned SpeedClass 'Local'
[2024.01.28-01.37.02:305][  0]LogDerivedDataCache: Using Local data cache path C:/Users/aiden/AppData/Local/UnrealEngine/Common/DerivedDataCache: Writable
[2024.01.28-01.37.02:305][  0]LogDerivedDataCache: Shared data cache path not found in *engine.ini, will not use an Shared cache.
[2024.01.28-01.37.02:305][  0]LogDerivedDataCache: Unable to find inner node Shared for hierarchical cache Hierarchy.
[2024.01.28-01.37.02:342][  0]LogSlate: Using FreeType 2.10.0
[2024.01.28-01.37.02:343][  0]LogSlate: SlateFontServices - WITH_FREETYPE: 1, WITH_HARFBUZZ: 1
[2024.01.28-01.37.02:361][  0]LogAssetRegistry: FAssetRegistry took 0.0022 seconds to start up
[2024.01.28-01.37.02:548][  0]LogInit: Selected Device Profile: [Windows]
[2024.01.28-01.37.02:549][  0]LogInit: Active device profile: [000001FD3EB14F00][000001FD3DAAF040 49] Windows
[2024.01.28-01.37.02:549][  0]LogInit: Profiles: [000001FD3EB14F00][000001FD3DAAF040 49] Windows, [000001FD3EB0A400][000001FD3DAB71C0 49] WindowsNoEditor, [000001FD3EB15F00][000001FD3DABB340 49] WindowsServer, [000001FD3EB09600][000001FD3DABF4C0 49] WindowsClient, [000001FD3EB15000][000001FD3DAC3640 49] IOS, [000001FD3EB0BD00][000001FD3DAC77C0 49] iPadAir, [000001FD3EB17300][000001FD3DACB940 49] iPadAir2, [000001FD3EAA9300][000001FD3DAD3C00 49] IPadPro, [000001FD3EAA9400][000001FD3DACE0C0 49] iPadAir3, [000001FD3EB08B00][000001FD3DAD6240 49] iPadAir4, [000001FD3EAAA100][000001FD3DADA3C0 49] iPadMini2, [000001FD3EB0B400][000001FD3DADE540 49] iPadMini3, [000001FD3EAAAC00][000001FD3DAB2680 49] iPadMini4, [000001FD3EB0A700][000001FD3DAE27C0 49] iPadMini5, [000001FD3EAD0E00][000001FD3DAEEA40 49] iPhone6, [000001FD3EAD0F00][000001FD3DAE6A80 49] iPodTouch6, [000001FD3EB17700][000001FD35290D40 49] iPhone7, [000001FD3EB16800][000001FD3DB7AD80 49] iPodTouch7, [000001FD3EAA8C00][000001FD33804F00 49] iPhone5S, [000001FD3EB15300][000001FD33809080 49] iPhone6Plus, [000001FD3EB14600][000001FD3380D200 49] iPhone6S, [000001FD3EAD1300][000001FD33811380 49] iPhone6SPlus, [000001FD3EB14B00][000001FD3381D500 49] iPhone7Plus, [000001FD3EAD1600][000001FD352AD680 49] iPhoneSE, [000001FD3EB14A00][000001FD352B1800 49] iPhone8, [000001FD3EAD1200][000001FD352B9980 49] iPhone8Plus, [000001FD3EAAAB00][000001FD3EF33B00 49] iPhoneX, [000001FD3EAD0C00][000001FD3EF66100 49] iPhoneXS, [000001FD3EAABA00][000001FD3EF74280 49] iPhoneXSMax, [000001FD3EAD3800][000001FD3EF78400 49] iPhoneXR, [000001FD3EAA8D00][000001FD3EF7C580 49] iPhone11, [000001FD3EAD2600][000001FD3EF80700 49] iPhone11Pro, [000001FD3EAAA900][000001FD3DAEA840 49] iPhone11ProMax, [000001FD3EAD0200][000001FD3EF84980 49] iPhoneSE2, [000001FD3EAA8B00][000001FD3EF88AC0 49] iPhone12Mini, [000001FD3EAD2A00][000001FD353F4C40 49] iPhone12, [000001FD3EAAAE00][000001FD353F8DC0 49] iPhone12Pro, [000001FD3EAD0A00][000001FD353FCF40 49] iPhone12ProMax, [000001FD3EAAB200][000001FD354010C0 49] iPadPro105, [000001FD3EAD3600][000001FD35285240 49] iPadPro129, [000001FD3EAAA000][000001FD352893C0 49] iPadPro97, [000001FD3EAD2000][000001FD3528D540 49] iPadPro2_129, [000001FD3EAAA400][000001FD3DA5B6C0 49] iPad5, [000001FD3EAD1400][000001FD3DA5F840 49] iPad6, [000001FD3EAA9000][000001FD3DA679C0 49] iPad7, [000001FD3EAD1700][000001FD3DA75B40 49] iPad8, [000001FD3EAABC00][000001FD3DA78140 49] iPadPro11, [000001FD3EAD1800][000001FD3DA7C2C0 49] iPadPro2_11, [000001FD3EAA8600][000001FD3DA80440 49] iPadPro3_129, [000001FD3EAD0D00][000001FD3DA845C0 49] iPadPro4_129, [000001FD3EAAB100][000001FD353B8740 49] AppleTV, [000001FD3EAD0800][000001FD353BC8C0 49] AppleTV4K, [000001FD3EAA8500][000001FD3EF8CA00 49] TVOS, [000001FD3EAD0500][000001FD353C4B40 49] Mac, [000001FD3EAA8700][000001FD353C8C80 49] MacClient, [000001FD3EAD1500][000001FD353D0DC0 49] MacNoEditor, [000001FD3EAA9500][000001FD3F0FEF40 49] MacServer, [000001FD3EAD2E00][000001FD352490C0 49] Linux, [000001FD3EAA8400][000001FD3524D240 49] LinuxAArch64, [000001FD3EAD1E00][000001FD3526F3C0 49] LinuxNoEditor, [000001FD3EAA9C00][000001FD35273540 49] LinuxAArch64NoEditor, [000001FD3EAD2900][000001FD352776C0 49] LinuxClient, [000001FD3EAAAD00][000001FD3527B840 49] LinuxAArch64Client, [000001FD3EAD0100][000001FD353CD9C0 49] LinuxServer, [000001FD3EAA9E00][000001FD353C1B40 49] LinuxAArch64Server, [000001FD3EAD0B00][000001FD3527E140 49] Android, [000001FD3EAA9A00][000001FD353B42C0 49] Android_Low, [000001FD3EAD2F00][000001FD3F0D2440 49] Android_Mid, [000001FD3EAA9100][000001FD3F0D65C0 49] Android_High, [000001FD3EAD3000][000001FD3F0DA740 49] Android_Default, [000001FD3EAA9700][000001FD3F0DE8C0 49] Android_Adreno4xx, [000001FD3EAD1900][000001FD3F0E2A40 49] Android_Adreno5xx_Low, [000001FD3EAA8A00][000001FD3F0FAB80 49] Android_Adreno5xx, [000001FD3EAD3400][000001FD3F0E6CC0 49] Android_Adreno6xx, [000001FD3EAA8E00][000001FD3F0EAE00 49] Android_Adreno6xx_Vulkan, [000001FD3EAD3100][000001FD3F0EEF40 49] Android_Mali_T6xx, [000001FD3EB16F00][000001FD3F0F70C0 49] Android_Mali_T7xx, [000001FD3EB08800][000001FD3F377240 49] Android_Mali_T8xx, [000001FD3EB15200][000001FD3F37B3C0 49] Android_Mali_G71, [000001FD3EB08E00][000001FD3F37F540 49] Android_Mali_G72, [000001FD3EB15100][000001FD3F3836C0 49] Android_Mali_G72_Vulkan, [000001FD3EB0A500][000001FD3F387840 49] Android_Mali_G76, [000001FD3EB15500][000001FD3F38B9C0 49] Android_Mali_G76_Vulkan, [000001FD3EB0A000][000001FD3F38FB40 49] Android_Mali_G77, [000001FD3EB17F00][000001FD3F392140 49] Android_Mali_G77_Vulkan, [000001FD3EB09D00][000001FD3F3962C0 49] Android_Mali_G78, [000001FD3EB14300][000001FD3F39A440 49] Android_Mali_G78_Vulkan, [000001FD3EB08400][000001FD3DAF65C0 49] Android_Mali_G710, [000001FD3EB17600][000001FD3DAFA740 49] Android_Mali_G710_Vulkan, [000001FD3EB0B100][000001FD3DAFE8C0 49] Android_Vulkan_SM5, [000001FD3EB14900][000001FD3DB02A40 49] Android_PowerVR_G6xxx, [000001FD3EB08A00][000001FD3DB06BC0 49] Android_PowerVR_GT7xxx, [000001FD3EB14D00][000001FD3DB0AD40 49] Android_PowerVR_GE8xxx, [000001FD3EB0BA00][000001FD3F0F2E80 49] Android_PowerVR_GM9xxx, [000001FD3EB16300][000001FD3DB0EFC0 49] Android_PowerVR_GM9xxx_Vulkan, [000001FD3EB09200][000001FD3DB13100 49] Android_TegraK1, [000001FD3EB16A00][000001FD3DB1B280 49] Android_Unknown_Vulkan, [000001FD3EB0B000][000001FD3DB1F400 49] Lumin, [000001FD3EB15C00][000001FD3DB23580 49] Lumin_Desktop, [000001FD3EB0AE00][000001FD3DB27700 49] HoloLens, 
[2024.01.28-01.37.02:656][  0]LogMeshReduction: Using QuadricMeshReduction for automatic static mesh reduction
[2024.01.28-01.37.02:656][  0]LogMeshReduction: Using SimplygonMeshReduction for automatic skeletal mesh reduction
[2024.01.28-01.37.02:656][  0]LogMeshReduction: Using ProxyLODMeshReduction for automatic mesh merging
[2024.01.28-01.37.02:656][  0]LogMeshReduction: No distributed automatic mesh merging module available
[2024.01.28-01.37.02:656][  0]LogMeshMerging: No distributed automatic mesh merging module available
[2024.01.28-01.37.02:671][  0]LogNetVersion: SunsetMall 1.0.0, NetCL: 17155196, EngineNetVer: 17, GameNetVer: 0 (Checksum: 3280325683)
[2024.01.28-01.37.02:992][  0]LogTexture: Default maximum texture size for cubemaps generated from long-lat sources has been changed from 512 to unlimited. In order to preserve old behaiour for '/Engine/MapTemplates/Sky/DaylightAmbientCubemap.DaylightAmbientCubemap', its maximum texture size has been explicitly set to 512.
[2024.01.28-01.37.03:083][  0]LogHMD: PokeAHoleMaterial loaded successfully
[2024.01.28-01.37.03:088][  0]LogUObjectArray: 17178 objects as part of root set at end of initial load.
[2024.01.28-01.37.03:088][  0]LogUObjectAllocator: 4302048 out of 0 bytes used by permanent object pool.
[2024.01.28-01.37.03:088][  0]LogUObjectArray: CloseDisregardForGC: 0/0 objects in disregard for GC pool
[2024.01.28-01.37.03:387][  0]LogPython: Using Python 3.7.7
[2024.01.28-01.37.03:765][  0]LogNiagaraDebuggerClient: Niagara Debugger Client Initialized | Session: 745D72744A6EB8D403500CAED830B4EB | Instance: BAC951AC40B74BCC5559F186451F5355 (HECKPC-38904).
[2024.01.28-01.37.03:808][  0]LogTcpMessaging: Initializing TcpMessaging bridge
[2024.01.28-01.37.03:812][  0]LogUdpMessaging: Initializing bridge on interface 0.0.0.0:0 to multicast group 230.0.0.1:6666.
[2024.01.28-01.37.03:943][  0]SourceControl: Source control is disabled
[2024.01.28-01.37.03:943][  0]SourceControl: Source control is disabled
[2024.01.28-01.37.03:945][  0]SourceControl: Source control is disabled
[2024.01.28-01.37.04:282][  0]LogUProjectInfo: Found projects:
[2024.01.28-01.37.04:477][  0]LogOpenImageDenoise: OIDN starting up
[2024.01.28-01.37.04:509][  0]LogAndroidPermission: UAndroidPermissionCallbackProxy::GetInstance
[2024.01.28-01.37.04:515][  0]LogAudioCaptureCore: Display: No Audio Capture implementations found. Audio input will be silent.
[2024.01.28-01.37.04:515][  0]LogAudioCaptureCore: Display: No Audio Capture implementations found. Audio input will be silent.
[2024.01.28-01.37.04:653][  0]LogCollectionManager: Loaded 0 collections in 0.001353 seconds
[2024.01.28-01.37.04:674][  0]LogFileCache: Scanning file cache for directory 'C:/Users/aiden/Documents/GitHub/Sunset-Mall-Yippee-Test-Mod-Example/Saved/Collections/' took 0.00s
[2024.01.28-01.37.04:674][  0]LogFileCache: Scanning file cache for directory 'C:/Users/aiden/Documents/GitHub/Sunset-Mall-Yippee-Test-Mod-Example/Content/Developers/aiden/Collections/' took 0.00s
[2024.01.28-01.37.04:674][  0]LogFileCache: Scanning file cache for directory 'C:/Users/aiden/Documents/GitHub/Sunset-Mall-Yippee-Test-Mod-Example/Content/Collections/' took 0.00s
[2024.01.28-01.37.04:674][  0]LogOcInput: OculusInput pre-init called
[2024.01.28-01.37.04:874][  0]LogEngine: Initializing Engine...
[2024.01.28-01.37.04:876][  0]LogHMD: Failed to enumerate extensions. Please check that you have a valid OpenXR runtime installed.
[2024.01.28-01.37.04:876][  0]LogHMD: Failed to initialize OpenVR with code 110
[2024.01.28-01.37.04:876][  0]LogMagicLeap: Warning: VR disabled because ZI is not enabled.  To enable, in the editor, Edit -> Project Settings -> Plugins -> Magic Leap Plugin -> Enable Zero Iteration
[2024.01.28-01.37.04:877][  0]LogStats: UGameplayTagsManager::InitializeManager -  0.000 s
[2024.01.28-01.37.05:115][  0]LogInit: Initializing FReadOnlyCVARCache
[2024.01.28-01.37.05:123][  0]LogAIModule: Creating AISystem for world Untitled
[2024.01.28-01.37.05:124][  0]LogAudio: Display: Initializing Audio Device Manager...
[2024.01.28-01.37.05:127][  0]LogAudio: Display: Loading Default Audio Settings Objects...
[2024.01.28-01.37.05:128][  0]LogAudio: Display: No default SoundConcurrencyObject specified (or failed to load).
[2024.01.28-01.37.05:128][  0]LogAudio: Display: Audio Device Manager Initialized
[2024.01.28-01.37.05:128][  0]LogAudio: Display: Creating Audio Device:                 Id: 1, Scope: Shared, Realtime: True
[2024.01.28-01.37.05:128][  0]LogAudioMixer: Display: Audio Mixer Platform Settings:
[2024.01.28-01.37.05:128][  0]LogAudioMixer: Display: 	Sample Rate:						  48000
[2024.01.28-01.37.05:128][  0]LogAudioMixer: Display: 	Callback Buffer Frame Size Requested: 1024
[2024.01.28-01.37.05:128][  0]LogAudioMixer: Display: 	Callback Buffer Frame Size To Use:	  1024
[2024.01.28-01.37.05:128][  0]LogAudioMixer: Display: 	Number of buffers to queue:			  2
[2024.01.28-01.37.05:128][  0]LogAudioMixer: Display: 	Max Channels (voices):				  32
[2024.01.28-01.37.05:128][  0]LogAudioMixer: Display: 	Number of Async Source Workers:		  0
[2024.01.28-01.37.05:128][  0]LogAudio: Display: AudioDevice MaxSources: 32
[2024.01.28-01.37.05:129][  0]LogAudio: Display: Audio Spatialization Plugin: None (built-in).
[2024.01.28-01.37.05:129][  0]LogAudio: Display: Audio Reverb Plugin: None (built-in).
[2024.01.28-01.37.05:129][  0]LogAudio: Display: Audio Occlusion Plugin: None (built-in).
[2024.01.28-01.37.05:129][  0]LogAudioMixer: Display: Initializing audio mixer.
[2024.01.28-01.37.05:138][  0]LogAudioMixer: Display: 0: FrontLeft
[2024.01.28-01.37.05:138][  0]LogAudioMixer: Display: 1: FrontRight
[2024.01.28-01.37.05:153][  0]LogAudioMixer: Display: Using Audio Device Headset Earphone (CORSAIR HS70 PRO Wireless Gaming Headset)
[2024.01.28-01.37.05:153][  0]LogAudioMixer: Display: Initializing Sound Submixes...
[2024.01.28-01.37.05:156][  0]LogAudioMixer: Display: Creating Master Submix 'MasterSubmixDefault'
[2024.01.28-01.37.05:156][  0]LogAudioMixer: Display: Creating Master Submix 'MasterReverbSubmixDefault'
[2024.01.28-01.37.05:157][  0]LogAudioMixer: Display: Creating Master Submix 'MasterEQSubmixDefault'
[2024.01.28-01.37.05:157][  0]LogAudioMixer: FMixerPlatformXAudio2::StartAudioStream() called
[2024.01.28-01.37.05:157][  0]LogAudioMixer: Display: Output buffers initialized: Frames=1024, Channels=2, Samples=2048
[2024.01.28-01.37.05:158][  0]LogAudioMixer: Display: Starting AudioMixerPlatformInterface::RunInternal()
[2024.01.28-01.37.05:158][  0]LogAudioMixer: Display: FMixerPlatformXAudio2::SubmitBuffer() called for the first time
[2024.01.28-01.37.05:158][  0]LogInit: FAudioDevice initialized.
[2024.01.28-01.37.05:158][  0]LogAudio: Display: Audio Device (ID: 1) registered with world 'Untitled'.
[2024.01.28-01.37.05:158][  0]LogNetVersion: Set ProjectVersion to 1.0.0.0. Version Checksum will be recalculated on next use.
[2024.01.28-01.37.05:198][  0]LogDerivedDataCache: Saved boot cache 0.04s 94MB C:/Users/aiden/AppData/Local/UnrealEngine/4.27/DerivedDataCache/Boot.ddc.
[2024.01.28-01.37.05:199][  0]LogInit: Texture streaming: Enabled
[2024.01.28-01.37.05:212][  0]LogAnalytics: Display: [UEEditor.Rocket.Release] APIServer = https://datarouter.ol.epicgames.com/. AppVersion = 4.27.2-18319896+++UE4+Release-4.27
[2024.01.28-01.37.05:216][  0]LogEngineSessionManager: EngineSessionManager initialized
[2024.01.28-01.37.05:216][  0]LogEditorSessionSummary: Verbose: Initializing EditorSessionSummaryWriter for editor session tracking
[2024.01.28-01.37.05:218][  0]LogEditorSessionSummary: EditorSessionSummaryWriter initialized
[2024.01.28-01.37.05:250][  0]LogInit: Transaction tracking system initialized
[2024.01.28-01.37.05:270][  0]BlueprintLog: New page: Editor Load
[2024.01.28-01.37.05:322][  0]LocalizationService: Localization service is disabled
[2024.01.28-01.37.05:345][  0]TimingProfiler: Initialize
[2024.01.28-01.37.05:346][  0]TimingProfiler: OnSessionChanged
[2024.01.28-01.37.05:346][  0]LoadingProfiler: Initialize
[2024.01.28-01.37.05:346][  0]LoadingProfiler: OnSessionChanged
[2024.01.28-01.37.05:346][  0]NetworkingProfiler: Initialize
[2024.01.28-01.37.05:346][  0]NetworkingProfiler: OnSessionChanged
[2024.01.28-01.37.05:346][  0]MemoryProfiler: Initialize
[2024.01.28-01.37.05:346][  0]MemoryProfiler: OnSessionChanged
[2024.01.28-01.37.05:714][  0]LogCook: Display: CookSettings for Memory: MemoryMaxUsedVirtual 0MiB, MemoryMaxUsedPhysical 16384MiB, MemoryMinFreeVirtual 0MiB, MemoryMinFreePhysical 1024MiB
[2024.01.28-01.37.05:714][  0]LogCook: Display: Mobile HDR setting 1
[2024.01.28-01.37.05:881][  0]LogFileCache: Scanning file cache for directory 'C:/Users/aiden/Documents/GitHub/Sunset-Mall-Yippee-Test-Mod-Example/Content/' took 0.02s
[2024.01.28-01.37.06:015][  0]LogInit: Display: Engine is initialized. Leaving FEngineLoop::Init()
[2024.01.28-01.37.06:018][  0]LogUnrealEdMisc: Loading editor; pre map load, took 7.045
[2024.01.28-01.37.06:018][  0]Cmd: MAP LOAD FILE="../../../Engine/Content/Maps/Templates/Template_Default.umap" TEMPLATE=1 SHOWPROGRESS=1 FEATURELEVEL=3
[2024.01.28-01.37.06:018][  0]LightingResults: New page: Lighting Build
[2024.01.28-01.37.06:019][  0]LogWorld: UWorld::CleanupWorld for Untitled, bSessionEnded=true, bCleanupResources=true
[2024.01.28-01.37.06:019][  0]LogSlate: InvalidateAllWidgets triggered.  All widgets were invalidated
[2024.01.28-01.37.06:019][  0]MapCheck: New page: Map Check
[2024.01.28-01.37.06:019][  0]LightingResults: New page: Lighting Build
[2024.01.28-01.37.06:034][  0]LogAudio: Display: Audio Device unregistered from world 'None'.
[2024.01.28-01.37.06:036][  0]LogUObjectHash: Compacting FUObjectHashTables data took   0.65ms
[2024.01.28-01.37.06:076][  0]LogTexture: Display: Building textures: DeprecatedTextureEB9CBE3C423008B5E8E130901E171C89 (BGRA8, 128X128)
[2024.01.28-01.37.06:082][  0]LogAudio: Display: Audio Device (ID: 1) registered with world 'Untitled_1'.
[2024.01.28-01.37.06:083][  0]LogAIModule: Creating AISystem for world Untitled_1
[2024.01.28-01.37.06:086][  0]LogEditorServer: Finished looking for orphan Actors (0.000 secs)
[2024.01.28-01.37.06:091][  0]LogUObjectHash: Compacting FUObjectHashTables data took   0.70ms
[2024.01.28-01.37.06:091][  0]Cmd: MAP CHECKDEP NOCLEARLOG
[2024.01.28-01.37.06:091][  0]MapCheck: Map check complete: 0 Error(s), 0 Warning(s), took 0.124ms to complete.
[2024.01.28-01.37.06:091][  0]LogFileHelpers: Loading map 'Template_Default' took 0.074
[2024.01.28-01.37.06:093][  0]LogUnrealEdMisc: Total Editor Startup Time, took 7.121
[2024.01.28-01.37.06:180][  0]LogSlate: Updating window title bar state: overlay mode, drag disabled, window buttons hidden, title bar hidden
[2024.01.28-01.37.06:187][  0]LogSlate: Updating window title bar state: overlay mode, drag disabled, window buttons hidden, title bar hidden
[2024.01.28-01.37.06:194][  0]LogSlate: Updating window title bar state: overlay mode, drag disabled, window buttons hidden, title bar hidden
[2024.01.28-01.37.06:200][  0]LogSlate: Updating window title bar state: overlay mode, drag disabled, window buttons hidden, title bar hidden
[2024.01.28-01.37.06:215][  0]LogNativeClassHierarchy: Verbose: Native class hierarchy populated in 0.0104 seconds. Added 3822 classes and 928 folders.
[2024.01.28-01.37.06:217][  0]LogNativeClassHierarchy: Verbose: Native class hierarchy updated for 'WidgetCarousel' in 0.0004 seconds. Added 0 classes and 0 folders.
[2024.01.28-01.37.06:218][  0]LogPakFile: PakFile PrimaryIndexSize=187
[2024.01.28-01.37.06:218][  0]LogPakFile: PakFile PathHashIndexSize=101
[2024.01.28-01.37.06:218][  0]LogPakFile: PakFile FullDirectoryIndexSize=148
[2024.01.28-01.37.06:218][  0]LogShaderLibrary: Display: ShaderCodeLibraryPakFileMountedCallback: PakFile 'C:/Program Files/Epic Games/UE_4.27/FeaturePacks/FP_FirstPerson.upack' (chunk index -1, root 'root:/') mounted
[2024.01.28-01.37.06:218][  0]LogShaderLibrary: Display: ShaderCodeLibraryPakFileMountedCallback: pending pak file info (ChunkID:-1 Root:root:/ File:C:/Program Files/Epic Games/UE_4.27/FeaturePacks/FP_FirstPerson.upack)
[2024.01.28-01.37.06:218][  0]LogPakFile: OnPakFileMounted2Time == 0.000049
[2024.01.28-01.37.06:219][  0]LogPakFile: PakFile PrimaryIndexSize=189
[2024.01.28-01.37.06:219][  0]LogPakFile: PakFile PathHashIndexSize=101
[2024.01.28-01.37.06:219][  0]LogPakFile: PakFile FullDirectoryIndexSize=152
[2024.01.28-01.37.06:219][  0]LogShaderLibrary: Display: ShaderCodeLibraryPakFileMountedCallback: PakFile 'C:/Program Files/Epic Games/UE_4.27/FeaturePacks/FP_FirstPersonBP.upack' (chunk index -1, root 'root:/') mounted
[2024.01.28-01.37.06:219][  0]LogShaderLibrary: Display: ShaderCodeLibraryPakFileMountedCallback: pending pak file info (ChunkID:-1 Root:root:/ File:C:/Program Files/Epic Games/UE_4.27/FeaturePacks/FP_FirstPersonBP.upack)
[2024.01.28-01.37.06:219][  0]LogPakFile: OnPakFileMounted2Time == 0.000036
[2024.01.28-01.37.06:219][  0]LogPakFile: PakFile PrimaryIndexSize=191
[2024.01.28-01.37.06:219][  0]LogPakFile: PakFile PathHashIndexSize=101
[2024.01.28-01.37.06:219][  0]LogPakFile: PakFile FullDirectoryIndexSize=160
[2024.01.28-01.37.06:219][  0]LogShaderLibrary: Display: ShaderCodeLibraryPakFileMountedCallback: PakFile 'C:/Program Files/Epic Games/UE_4.27/FeaturePacks/MobileStarterContent.upack' (chunk index -1, root 'root:/') mounted
[2024.01.28-01.37.06:219][  0]LogShaderLibrary: Display: ShaderCodeLibraryPakFileMountedCallback: pending pak file info (ChunkID:-1 Root:root:/ File:C:/Program Files/Epic Games/UE_4.27/FeaturePacks/MobileStarterContent.upack)
[2024.01.28-01.37.06:219][  0]LogPakFile: OnPakFileMounted2Time == 0.000025
[2024.01.28-01.37.06:220][  0]LogPakFile: PakFile PrimaryIndexSize=185
[2024.01.28-01.37.06:220][  0]LogPakFile: PakFile PathHashIndexSize=101
[2024.01.28-01.37.06:220][  0]LogPakFile: PakFile FullDirectoryIndexSize=148
[2024.01.28-01.37.06:220][  0]LogShaderLibrary: Display: ShaderCodeLibraryPakFileMountedCallback: PakFile 'C:/Program Files/Epic Games/UE_4.27/FeaturePacks/StarterContent.upack' (chunk index -1, root 'root:/') mounted
[2024.01.28-01.37.06:220][  0]LogShaderLibrary: Display: ShaderCodeLibraryPakFileMountedCallback: pending pak file info (ChunkID:-1 Root:root:/ File:C:/Program Files/Epic Games/UE_4.27/FeaturePacks/StarterContent.upack)
[2024.01.28-01.37.06:220][  0]LogPakFile: OnPakFileMounted2Time == 0.000029
[2024.01.28-01.37.06:220][  0]LogPakFile: PakFile PrimaryIndexSize=190
[2024.01.28-01.37.06:220][  0]LogPakFile: PakFile PathHashIndexSize=101
[2024.01.28-01.37.06:220][  0]LogPakFile: PakFile FullDirectoryIndexSize=154
[2024.01.28-01.37.06:220][  0]LogShaderLibrary: Display: ShaderCodeLibraryPakFileMountedCallback: PakFile 'C:/Program Files/Epic Games/UE_4.27/FeaturePacks/TP_2DSideScroller.upack' (chunk index -1, root 'root:/') mounted
[2024.01.28-01.37.06:220][  0]LogShaderLibrary: Display: ShaderCodeLibraryPakFileMountedCallback: pending pak file info (ChunkID:-1 Root:root:/ File:C:/Program Files/Epic Games/UE_4.27/FeaturePacks/TP_2DSideScroller.upack)
[2024.01.28-01.37.06:220][  0]LogPakFile: OnPakFileMounted2Time == 0.000041
[2024.01.28-01.37.06:222][  0]LogPakFile: PakFile PrimaryIndexSize=192
[2024.01.28-01.37.06:222][  0]LogPakFile: PakFile PathHashIndexSize=101
[2024.01.28-01.37.06:222][  0]LogPakFile: PakFile FullDirectoryIndexSize=158
[2024.01.28-01.37.06:222][  0]LogShaderLibrary: Display: ShaderCodeLibraryPakFileMountedCallback: PakFile 'C:/Program Files/Epic Games/UE_4.27/FeaturePacks/TP_2DSideScrollerBP.upack' (chunk index -1, root 'root:/') mounted
[2024.01.28-01.37.06:222][  0]LogShaderLibrary: Display: ShaderCodeLibraryPakFileMountedCallback: pending pak file info (ChunkID:-1 Root:root:/ File:C:/Program Files/Epic Games/UE_4.27/FeaturePacks/TP_2DSideScrollerBP.upack)
[2024.01.28-01.37.06:222][  0]LogPakFile: OnPakFileMounted2Time == 0.000025
[2024.01.28-01.37.06:222][  0]LogPakFile: PakFile PrimaryIndexSize=182
[2024.01.28-01.37.06:222][  0]LogPakFile: PakFile PathHashIndexSize=101
[2024.01.28-01.37.06:222][  0]LogPakFile: PakFile FullDirectoryIndexSize=138
[2024.01.28-01.37.06:222][  0]LogShaderLibrary: Display: ShaderCodeLibraryPakFileMountedCallback: PakFile 'C:/Program Files/Epic Games/UE_4.27/FeaturePacks/TP_Flying.upack' (chunk index -1, root 'root:/') mounted
[2024.01.28-01.37.06:222][  0]LogShaderLibrary: Display: ShaderCodeLibraryPakFileMountedCallback: pending pak file info (ChunkID:-1 Root:root:/ File:C:/Program Files/Epic Games/UE_4.27/FeaturePacks/TP_Flying.upack)
[2024.01.28-01.37.06:222][  0]LogPakFile: OnPakFileMounted2Time == 0.000025
[2024.01.28-01.37.06:223][  0]LogPakFile: PakFile PrimaryIndexSize=184
[2024.01.28-01.37.06:223][  0]LogPakFile: PakFile PathHashIndexSize=101
[2024.01.28-01.37.06:223][  0]LogPakFile: PakFile FullDirectoryIndexSize=142
[2024.01.28-01.37.06:223][  0]LogShaderLibrary: Display: ShaderCodeLibraryPakFileMountedCallback: PakFile 'C:/Program Files/Epic Games/UE_4.27/FeaturePacks/TP_FlyingBP.upack' (chunk index -1, root 'root:/') mounted
[2024.01.28-01.37.06:223][  0]LogShaderLibrary: Display: ShaderCodeLibraryPakFileMountedCallback: pending pak file info (ChunkID:-1 Root:root:/ File:C:/Program Files/Epic Games/UE_4.27/FeaturePacks/TP_FlyingBP.upack)
[2024.01.28-01.37.06:223][  0]LogPakFile: OnPakFileMounted2Time == 0.000033
[2024.01.28-01.37.06:223][  0]LogPakFile: PakFile PrimaryIndexSize=188
[2024.01.28-01.37.06:223][  0]LogPakFile: PakFile PathHashIndexSize=101
[2024.01.28-01.37.06:223][  0]LogPakFile: PakFile FullDirectoryIndexSize=150
[2024.01.28-01.37.06:223][  0]LogShaderLibrary: Display: ShaderCodeLibraryPakFileMountedCallback: PakFile 'C:/Program Files/Epic Games/UE_4.27/FeaturePacks/TP_HandheldARBP.upack' (chunk index -1, root 'root:/') mounted
[2024.01.28-01.37.06:223][  0]LogShaderLibrary: Display: ShaderCodeLibraryPakFileMountedCallback: pending pak file info (ChunkID:-1 Root:root:/ File:C:/Program Files/Epic Games/UE_4.27/FeaturePacks/TP_HandheldARBP.upack)
[2024.01.28-01.37.06:223][  0]LogPakFile: OnPakFileMounted2Time == 0.000023
[2024.01.28-01.37.06:224][  0]LogPakFile: PakFile PrimaryIndexSize=182
[2024.01.28-01.37.06:224][  0]LogPakFile: PakFile PathHashIndexSize=101
[2024.01.28-01.37.06:224][  0]LogPakFile: PakFile FullDirectoryIndexSize=138
[2024.01.28-01.37.06:224][  0]LogShaderLibrary: Display: ShaderCodeLibraryPakFileMountedCallback: PakFile 'C:/Program Files/Epic Games/UE_4.27/FeaturePacks/TP_Puzzle.upack' (chunk index -1, root 'root:/') mounted
[2024.01.28-01.37.06:224][  0]LogShaderLibrary: Display: ShaderCodeLibraryPakFileMountedCallback: pending pak file info (ChunkID:-1 Root:root:/ File:C:/Program Files/Epic Games/UE_4.27/FeaturePacks/TP_Puzzle.upack)
[2024.01.28-01.37.06:224][  0]LogPakFile: OnPakFileMounted2Time == 0.000039
[2024.01.28-01.37.06:224][  0]LogPakFile: PakFile PrimaryIndexSize=184
[2024.01.28-01.37.06:225][  0]LogPakFile: PakFile PathHashIndexSize=101
[2024.01.28-01.37.06:225][  0]LogPakFile: PakFile FullDirectoryIndexSize=142
[2024.01.28-01.37.06:225][  0]LogShaderLibrary: Display: ShaderCodeLibraryPakFileMountedCallback: PakFile 'C:/Program Files/Epic Games/UE_4.27/FeaturePacks/TP_PuzzleBP.upack' (chunk index -1, root 'root:/') mounted
[2024.01.28-01.37.06:225][  0]LogShaderLibrary: Display: ShaderCodeLibraryPakFileMountedCallback: pending pak file info (ChunkID:-1 Root:root:/ File:C:/Program Files/Epic Games/UE_4.27/FeaturePacks/TP_PuzzleBP.upack)
[2024.01.28-01.37.06:225][  0]LogPakFile: OnPakFileMounted2Time == 0.000036
[2024.01.28-01.37.06:225][  0]LogPakFile: PakFile PrimaryIndexSize=183
[2024.01.28-01.37.06:225][  0]LogPakFile: PakFile PathHashIndexSize=101
[2024.01.28-01.37.06:225][  0]LogPakFile: PakFile FullDirectoryIndexSize=140
[2024.01.28-01.37.06:225][  0]LogShaderLibrary: Display: ShaderCodeLibraryPakFileMountedCallback: PakFile 'C:/Program Files/Epic Games/UE_4.27/FeaturePacks/TP_Rolling.upack' (chunk index -1, root 'root:/') mounted
[2024.01.28-01.37.06:225][  0]LogShaderLibrary: Display: ShaderCodeLibraryPakFileMountedCallback: pending pak file info (ChunkID:-1 Root:root:/ File:C:/Program Files/Epic Games/UE_4.27/FeaturePacks/TP_Rolling.upack)
[2024.01.28-01.37.06:225][  0]LogPakFile: OnPakFileMounted2Time == 0.000025
[2024.01.28-01.37.06:226][  0]LogPakFile: PakFile PrimaryIndexSize=185
[2024.01.28-01.37.06:226][  0]LogPakFile: PakFile PathHashIndexSize=101
[2024.01.28-01.37.06:226][  0]LogPakFile: PakFile FullDirectoryIndexSize=144
[2024.01.28-01.37.06:226][  0]LogShaderLibrary: Display: ShaderCodeLibraryPakFileMountedCallback: PakFile 'C:/Program Files/Epic Games/UE_4.27/FeaturePacks/TP_RollingBP.upack' (chunk index -1, root 'root:/') mounted
[2024.01.28-01.37.06:226][  0]LogShaderLibrary: Display: ShaderCodeLibraryPakFileMountedCallback: pending pak file info (ChunkID:-1 Root:root:/ File:C:/Program Files/Epic Games/UE_4.27/FeaturePacks/TP_RollingBP.upack)
[2024.01.28-01.37.06:226][  0]LogPakFile: OnPakFileMounted2Time == 0.000048
[2024.01.28-01.37.06:226][  0]LogPakFile: PakFile PrimaryIndexSize=188
[2024.01.28-01.37.06:226][  0]LogPakFile: PakFile PathHashIndexSize=101
[2024.01.28-01.37.06:226][  0]LogPakFile: PakFile FullDirectoryIndexSize=150
[2024.01.28-01.37.06:226][  0]LogShaderLibrary: Display: ShaderCodeLibraryPakFileMountedCallback: PakFile 'C:/Program Files/Epic Games/UE_4.27/FeaturePacks/TP_SideScroller.upack' (chunk index -1, root 'root:/') mounted
[2024.01.28-01.37.06:226][  0]LogShaderLibrary: Display: ShaderCodeLibraryPakFileMountedCallback: pending pak file info (ChunkID:-1 Root:root:/ File:C:/Program Files/Epic Games/UE_4.27/FeaturePacks/TP_SideScroller.upack)
[2024.01.28-01.37.06:226][  0]LogPakFile: OnPakFileMounted2Time == 0.000026
[2024.01.28-01.37.06:227][  0]LogPakFile: PakFile PrimaryIndexSize=190
[2024.01.28-01.37.06:227][  0]LogPakFile: PakFile PathHashIndexSize=101
[2024.01.28-01.37.06:227][  0]LogPakFile: PakFile FullDirectoryIndexSize=154
[2024.01.28-01.37.06:227][  0]LogShaderLibrary: Display: ShaderCodeLibraryPakFileMountedCallback: PakFile 'C:/Program Files/Epic Games/UE_4.27/FeaturePacks/TP_SideScrollerBP.upack' (chunk index -1, root 'root:/') mounted
[2024.01.28-01.37.06:227][  0]LogShaderLibrary: Display: ShaderCodeLibraryPakFileMountedCallback: pending pak file info (ChunkID:-1 Root:root:/ File:C:/Program Files/Epic Games/UE_4.27/FeaturePacks/TP_SideScrollerBP.upack)
[2024.01.28-01.37.06:227][  0]LogPakFile: OnPakFileMounted2Time == 0.000041
[2024.01.28-01.37.06:228][  0]LogPakFile: PakFile PrimaryIndexSize=187
[2024.01.28-01.37.06:228][  0]LogPakFile: PakFile PathHashIndexSize=101
[2024.01.28-01.37.06:228][  0]LogPakFile: PakFile FullDirectoryIndexSize=148
[2024.01.28-01.37.06:228][  0]LogShaderLibrary: Display: ShaderCodeLibraryPakFileMountedCallback: PakFile 'C:/Program Files/Epic Games/UE_4.27/FeaturePacks/TP_ThirdPerson.upack' (chunk index -1, root 'root:/') mounted
[2024.01.28-01.37.06:228][  0]LogShaderLibrary: Display: ShaderCodeLibraryPakFileMountedCallback: pending pak file info (ChunkID:-1 Root:root:/ File:C:/Program Files/Epic Games/UE_4.27/FeaturePacks/TP_ThirdPerson.upack)
[2024.01.28-01.37.06:228][  0]LogPakFile: OnPakFileMounted2Time == 0.000052
[2024.01.28-01.37.06:228][  0]LogPakFile: PakFile PrimaryIndexSize=189
[2024.01.28-01.37.06:228][  0]LogPakFile: PakFile PathHashIndexSize=101
[2024.01.28-01.37.06:228][  0]LogPakFile: PakFile FullDirectoryIndexSize=152
[2024.01.28-01.37.06:228][  0]LogShaderLibrary: Display: ShaderCodeLibraryPakFileMountedCallback: PakFile 'C:/Program Files/Epic Games/UE_4.27/FeaturePacks/TP_ThirdPersonBP.upack' (chunk index -1, root 'root:/') mounted
[2024.01.28-01.37.06:229][  0]LogShaderLibrary: Display: ShaderCodeLibraryPakFileMountedCallback: pending pak file info (ChunkID:-1 Root:root:/ File:C:/Program Files/Epic Games/UE_4.27/FeaturePacks/TP_ThirdPersonBP.upack)
[2024.01.28-01.37.06:229][  0]LogPakFile: OnPakFileMounted2Time == 0.000042
[2024.01.28-01.37.06:229][  0]LogPakFile: PakFile PrimaryIndexSize=183
[2024.01.28-01.37.06:229][  0]LogPakFile: PakFile PathHashIndexSize=101
[2024.01.28-01.37.06:229][  0]LogPakFile: PakFile FullDirectoryIndexSize=140
[2024.01.28-01.37.06:229][  0]LogShaderLibrary: Display: ShaderCodeLibraryPakFileMountedCallback: PakFile 'C:/Program Files/Epic Games/UE_4.27/FeaturePacks/TP_TopDown.upack' (chunk index -1, root 'root:/') mounted
[2024.01.28-01.37.06:229][  0]LogShaderLibrary: Display: ShaderCodeLibraryPakFileMountedCallback: pending pak file info (ChunkID:-1 Root:root:/ File:C:/Program Files/Epic Games/UE_4.27/FeaturePacks/TP_TopDown.upack)
[2024.01.28-01.37.06:229][  0]LogPakFile: OnPakFileMounted2Time == 0.000049
[2024.01.28-01.37.06:230][  0]LogPakFile: PakFile PrimaryIndexSize=185
[2024.01.28-01.37.06:230][  0]LogPakFile: PakFile PathHashIndexSize=101
[2024.01.28-01.37.06:230][  0]LogPakFile: PakFile FullDirectoryIndexSize=144
[2024.01.28-01.37.06:230][  0]LogShaderLibrary: Display: ShaderCodeLibraryPakFileMountedCallback: PakFile 'C:/Program Files/Epic Games/UE_4.27/FeaturePacks/TP_TopDownBP.upack' (chunk index -1, root 'root:/') mounted
[2024.01.28-01.37.06:230][  0]LogShaderLibrary: Display: ShaderCodeLibraryPakFileMountedCallback: pending pak file info (ChunkID:-1 Root:root:/ File:C:/Program Files/Epic Games/UE_4.27/FeaturePacks/TP_TopDownBP.upack)
[2024.01.28-01.37.06:230][  0]LogPakFile: OnPakFileMounted2Time == 0.000040
[2024.01.28-01.37.06:230][  0]LogPakFile: PakFile PrimaryIndexSize=185
[2024.01.28-01.37.06:230][  0]LogPakFile: PakFile PathHashIndexSize=101
[2024.01.28-01.37.06:230][  0]LogPakFile: PakFile FullDirectoryIndexSize=144
[2024.01.28-01.37.06:231][  0]LogShaderLibrary: Display: ShaderCodeLibraryPakFileMountedCallback: PakFile 'C:/Program Files/Epic Games/UE_4.27/FeaturePacks/TP_TwinStick.upack' (chunk index -1, root 'root:/') mounted
[2024.01.28-01.37.06:231][  0]LogShaderLibrary: Display: ShaderCodeLibraryPakFileMountedCallback: pending pak file info (ChunkID:-1 Root:root:/ File:C:/Program Files/Epic Games/UE_4.27/FeaturePacks/TP_TwinStick.upack)
[2024.01.28-01.37.06:231][  0]LogPakFile: OnPakFileMounted2Time == 0.000039
[2024.01.28-01.37.06:231][  0]LogPakFile: PakFile PrimaryIndexSize=187
[2024.01.28-01.37.06:231][  0]LogPakFile: PakFile PathHashIndexSize=101
[2024.01.28-01.37.06:231][  0]LogPakFile: PakFile FullDirectoryIndexSize=148
[2024.01.28-01.37.06:231][  0]LogShaderLibrary: Display: ShaderCodeLibraryPakFileMountedCallback: PakFile 'C:/Program Files/Epic Games/UE_4.27/FeaturePacks/TP_TwinStickBP.upack' (chunk index -1, root 'root:/') mounted
[2024.01.28-01.37.06:231][  0]LogShaderLibrary: Display: ShaderCodeLibraryPakFileMountedCallback: pending pak file info (ChunkID:-1 Root:root:/ File:C:/Program Files/Epic Games/UE_4.27/FeaturePacks/TP_TwinStickBP.upack)
[2024.01.28-01.37.06:231][  0]LogPakFile: OnPakFileMounted2Time == 0.000034
[2024.01.28-01.37.06:232][  0]LogPakFile: PakFile PrimaryIndexSize=183
[2024.01.28-01.37.06:232][  0]LogPakFile: PakFile PathHashIndexSize=101
[2024.01.28-01.37.06:232][  0]LogPakFile: PakFile FullDirectoryIndexSize=140
[2024.01.28-01.37.06:232][  0]LogShaderLibrary: Display: ShaderCodeLibraryPakFileMountedCallback: PakFile 'C:/Program Files/Epic Games/UE_4.27/FeaturePacks/TP_Vehicle.upack' (chunk index -1, root 'root:/') mounted
[2024.01.28-01.37.06:232][  0]LogShaderLibrary: Display: ShaderCodeLibraryPakFileMountedCallback: pending pak file info (ChunkID:-1 Root:root:/ File:C:/Program Files/Epic Games/UE_4.27/FeaturePacks/TP_Vehicle.upack)
[2024.01.28-01.37.06:232][  0]LogPakFile: OnPakFileMounted2Time == 0.000037
[2024.01.28-01.37.06:232][  0]LogPakFile: PakFile PrimaryIndexSize=186
[2024.01.28-01.37.06:232][  0]LogPakFile: PakFile PathHashIndexSize=101
[2024.01.28-01.37.06:232][  0]LogPakFile: PakFile FullDirectoryIndexSize=146
[2024.01.28-01.37.06:232][  0]LogShaderLibrary: Display: ShaderCodeLibraryPakFileMountedCallback: PakFile 'C:/Program Files/Epic Games/UE_4.27/FeaturePacks/TP_VehicleAdv.upack' (chunk index -1, root 'root:/') mounted
[2024.01.28-01.37.06:232][  0]LogShaderLibrary: Display: ShaderCodeLibraryPakFileMountedCallback: pending pak file info (ChunkID:-1 Root:root:/ File:C:/Program Files/Epic Games/UE_4.27/FeaturePacks/TP_VehicleAdv.upack)
[2024.01.28-01.37.06:232][  0]LogPakFile: OnPakFileMounted2Time == 0.000038
[2024.01.28-01.37.06:233][  0]LogPakFile: PakFile PrimaryIndexSize=188
[2024.01.28-01.37.06:233][  0]LogPakFile: PakFile PathHashIndexSize=101
[2024.01.28-01.37.06:233][  0]LogPakFile: PakFile FullDirectoryIndexSize=150
[2024.01.28-01.37.06:233][  0]LogShaderLibrary: Display: ShaderCodeLibraryPakFileMountedCallback: PakFile 'C:/Program Files/Epic Games/UE_4.27/FeaturePacks/TP_VehicleAdvBP.upack' (chunk index -1, root 'root:/') mounted
[2024.01.28-01.37.06:233][  0]LogShaderLibrary: Display: ShaderCodeLibraryPakFileMountedCallback: pending pak file info (ChunkID:-1 Root:root:/ File:C:/Program Files/Epic Games/UE_4.27/FeaturePacks/TP_VehicleAdvBP.upack)
[2024.01.28-01.37.06:233][  0]LogPakFile: OnPakFileMounted2Time == 0.000037
[2024.01.28-01.37.06:234][  0]LogPakFile: PakFile PrimaryIndexSize=185
[2024.01.28-01.37.06:234][  0]LogPakFile: PakFile PathHashIndexSize=101
[2024.01.28-01.37.06:234][  0]LogPakFile: PakFile FullDirectoryIndexSize=144
[2024.01.28-01.37.06:234][  0]LogShaderLibrary: Display: ShaderCodeLibraryPakFileMountedCallback: PakFile 'C:/Program Files/Epic Games/UE_4.27/FeaturePacks/TP_VehicleBP.upack' (chunk index -1, root 'root:/') mounted
[2024.01.28-01.37.06:234][  0]LogShaderLibrary: Display: ShaderCodeLibraryPakFileMountedCallback: pending pak file info (ChunkID:-1 Root:root:/ File:C:/Program Files/Epic Games/UE_4.27/FeaturePacks/TP_VehicleBP.upack)
[2024.01.28-01.37.06:234][  0]LogPakFile: OnPakFileMounted2Time == 0.000041
[2024.01.28-01.37.06:234][  0]LogPakFile: PakFile PrimaryIndexSize=192
[2024.01.28-01.37.06:234][  0]LogPakFile: PakFile PathHashIndexSize=101
[2024.01.28-01.37.06:234][  0]LogPakFile: PakFile FullDirectoryIndexSize=158
[2024.01.28-01.37.06:234][  0]LogShaderLibrary: Display: ShaderCodeLibraryPakFileMountedCallback: PakFile 'C:/Program Files/Epic Games/UE_4.27/FeaturePacks/TP_VirtualRealityBP.upack' (chunk index -1, root 'root:/') mounted
[2024.01.28-01.37.06:234][  0]LogShaderLibrary: Display: ShaderCodeLibraryPakFileMountedCallback: pending pak file info (ChunkID:-1 Root:root:/ File:C:/Program Files/Epic Games/UE_4.27/FeaturePacks/TP_VirtualRealityBP.upack)
[2024.01.28-01.37.06:234][  0]LogPakFile: OnPakFileMounted2Time == 0.000037
[2024.01.28-01.37.06:297][  0]LogNativeClassHierarchy: Verbose: Native class hierarchy updated for 'AddContentDialog' in 0.0003 seconds. Added 0 classes and 0 folders.
[2024.01.28-01.37.06:298][  0]LogNativeClassHierarchy: Verbose: Native class hierarchy updated for 'SceneOutliner' in 0.0003 seconds. Added 2 classes and 0 folders.
[2024.01.28-01.37.06:706][  0]LogSlate: Only BGRA pngs, bmps or icos are supported in by External Image Picker
[2024.01.28-01.37.06:836][  0]LogSlate: Took 0.000231 seconds to synchronously load lazily loaded font '../../../Engine/Content/Slate/Fonts/Roboto-Regular.ttf' (155K)
[2024.01.28-01.37.06:837][  0]LogSlate: Took 0.000117 seconds to synchronously load lazily loaded font '../../../Engine/Content/Editor/Slate/Fonts/FontAwesome.ttf' (139K)
[2024.01.28-01.37.06:837][  0]LogSlate: Took 0.000147 seconds to synchronously load lazily loaded font '../../../Engine/Content/Slate/Fonts/Roboto-Bold.ttf' (160K)
[2024.01.28-01.37.06:913][  0]LogRenderer: Reallocating scene render targets to support 1208x568 Format 10 NumSamples 1 (Frame:1).
[2024.01.28-01.37.06:988][  0]LogNativeClassHierarchy: Verbose: Native class hierarchy updated for 'HierarchicalLODOutliner' in 0.0003 seconds. Added 0 classes and 0 folders.
[2024.01.28-01.37.06:988][  0]LogLoad: (Engine Initialization) Total time: 8.02 seconds
[2024.01.28-01.37.06:988][  0]LogLoad: (Engine Initialization) Total Blueprint compile time: 0.00 seconds
[2024.01.28-01.37.07:049][  0]LogAssetRegistry: Asset discovery search completed in 4.6899 seconds
[2024.01.28-01.37.07:057][  0]LogCollectionManager: Fixed up redirectors for 0 collections in 0.000003 seconds (updated 0 objects)
[2024.01.28-01.37.07:059][  0]LogContentStreaming: Texture pool size now 1000 MB
[2024.01.28-01.37.07:681][  2]LogSlate: Took 0.000169 seconds to synchronously load lazily loaded font '../../../Engine/Content/Slate/Fonts/Roboto-Light.ttf' (167K)
[2024.01.28-01.37.14:560][733]LogSlate: Window 'Source Control Login' being destroyed
[2024.01.28-01.37.16:655][912]SourceControl: fatal: C:/Program Files/Epic Games/UE_4.27/Engine/Content: 'C:/Program Files/Epic Games/UE_4.27/Engine/Content' is outside repository at 'C:/Users/aiden/Documents/GitHub/Sunset-Mall-Yippee-Test-Mod-Example'
[2024.01.28-01.37.16:655][912]SourceControl: fatal: C:/Program Files/Epic Games/UE_4.27/Engine/Plugins/2D/Paper2D/Content: 'C:/Program Files/Epic Games/UE_4.27/Engine/Plugins/2D/Paper2D/Content' is outside repository at 'C:/Users/aiden/Documents/GitHub/Sunset-Mall-Yippee-Test-Mod-Example'
[2024.01.28-01.37.16:655][912]SourceControl: fatal: C:/Program Files/Epic Games/UE_4.27/Engine/Plugins/Developer/AnimationSharing/Content: 'C:/Program Files/Epic Games/UE_4.27/Engine/Plugins/Developer/AnimationSharing/Content' is outside repository at 'C:/Users/aiden/Documents/GitHub/Sunset-Mall-Yippee-Test-Mod-Example'
[2024.01.28-01.37.16:655][912]SourceControl: fatal: C:/Program Files/Epic Games/UE_4.27/Engine/Plugins/Editor/GeometryMode/Content: 'C:/Program Files/Epic Games/UE_4.27/Engine/Plugins/Editor/GeometryMode/Content' is outside repository at 'C:/Users/aiden/Documents/GitHub/Sunset-Mall-Yippee-Test-Mod-Example'
[2024.01.28-01.37.16:655][912]SourceControl: fatal: C:/Program Files/Epic Games/UE_4.27/Engine/Plugins/Editor/SpeedTreeImporter/Content: 'C:/Program Files/Epic Games/UE_4.27/Engine/Plugins/Editor/SpeedTreeImporter/Content' is outside repository at 'C:/Users/aiden/Documents/GitHub/Sunset-Mall-Yippee-Test-Mod-Example'
[2024.01.28-01.37.16:655][912]SourceControl: fatal: C:/Program Files/Epic Games/UE_4.27/Engine/Plugins/Experimental/ChaosClothEditor/Content: 'C:/Program Files/Epic Games/UE_4.27/Engine/Plugins/Experimental/ChaosClothEditor/Content' is outside repository at 'C:/Users/aiden/Documents/GitHub/Sunset-Mall-Yippee-Test-Mod-Example'
[2024.01.28-01.37.16:655][912]SourceControl: fatal: C:/Program Files/Epic Games/UE_4.27/Engine/Plugins/Experimental/ChaosNiagara/Content: 'C:/Program Files/Epic Games/UE_4.27/Engine/Plugins/Experimental/ChaosNiagara/Content' is outside repository at 'C:/Users/aiden/Documents/GitHub/Sunset-Mall-Yippee-Test-Mod-Example'
[2024.01.28-01.37.16:655][912]SourceControl: fatal: C:/Program Files/Epic Games/UE_4.27/Engine/Plugins/Experimental/ChaosSolverPlugin/Content: 'C:/Program Files/Epic Games/UE_4.27/Engine/Plugins/Experimental/ChaosSolverPlugin/Content' is outside repository at 'C:/Users/aiden/Documents/GitHub/Sunset-Mall-Yippee-Test-Mod-Example'
[2024.01.28-01.37.16:655][912]SourceControl: fatal: C:/Program Files/Epic Games/UE_4.27/Engine/Plugins/Enterprise/DatasmithContent/Content: 'C:/Program Files/Epic Games/UE_4.27/Engine/Plugins/Enterprise/DatasmithContent/Content' is outside repository at 'C:/Users/aiden/Documents/GitHub/Sunset-Mall-Yippee-Test-Mod-Example'
[2024.01.28-01.37.16:655][912]SourceControl: fatal: C:/Program Files/Epic Games/UE_4.27/Engine/Plugins/Experimental/GeometryProcessing/Content: 'C:/Program Files/Epic Games/UE_4.27/Engine/Plugins/Experimental/GeometryProcessing/Content' is outside repository at 'C:/Users/aiden/Documents/GitHub/Sunset-Mall-Yippee-Test-Mod-Example'
[2024.01.28-01.37.16:655][912]SourceControl: fatal: C:/Program Files/Epic Games/UE_4.27/Engine/Plugins/Experimental/GeometryCollectionPlugin/Content: 'C:/Program Files/Epic Games/UE_4.27/Engine/Plugins/Experimental/GeometryCollectionPlugin/Content' is outside repository at 'C:/Users/aiden/Documents/GitHub/Sunset-Mall-Yippee-Test-Mod-Example'
[2024.01.28-01.37.16:655][912]SourceControl: fatal: C:/Program Files/Epic Games/UE_4.27/Engine/Plugins/Lumin/MagicLeap/Content: 'C:/Program Files/Epic Games/UE_4.27/Engine/Plugins/Lumin/MagicLeap/Content' is outside repository at 'C:/Users/aiden/Documents/GitHub/Sunset-Mall-Yippee-Test-Mod-Example'
[2024.01.28-01.37.16:655][912]SourceControl: fatal: C:/Program Files/Epic Games/UE_4.27/Engine/Plugins/Experimental/MotoSynth/Content: 'C:/Program Files/Epic Games/UE_4.27/Engine/Plugins/Experimental/MotoSynth/Content' is outside repository at 'C:/Users/aiden/Documents/GitHub/Sunset-Mall-Yippee-Test-Mod-Example'
[2024.01.28-01.37.16:655][912]SourceControl: fatal: C:/Program Files/Epic Games/UE_4.27/Engine/Plugins/Lumin/MagicLeapPassableWorld/Content: 'C:/Program Files/Epic Games/UE_4.27/Engine/Plugins/Lumin/MagicLeapPassableWorld/Content' is outside repository at 'C:/Users/aiden/Documents/GitHub/Sunset-Mall-Yippee-Test-Mod-Example'
[2024.01.28-01.37.16:655][912]SourceControl: fatal: C:/Program Files/Epic Games/UE_4.27/Engine/Plugins/Experimental/PythonScriptPlugin/Content: 'C:/Program Files/Epic Games/UE_4.27/Engine/Plugins/Experimental/PythonScriptPlugin/Content' is outside repository at 'C:/Users/aiden/Documents/GitHub/Sunset-Mall-Yippee-Test-Mod-Example'
[2024.01.28-01.37.16:655][912]SourceControl: fatal: C:/Program Files/Epic Games/UE_4.27/Engine/Plugins/FX/Niagara/Content: 'C:/Program Files/Epic Games/UE_4.27/Engine/Plugins/FX/Niagara/Content' is outside repository at 'C:/Users/aiden/Documents/GitHub/Sunset-Mall-Yippee-Test-Mod-Example'
[2024.01.28-01.37.16:655][912]SourceControl: fatal: C:/Program Files/Epic Games/UE_4.27/Engine/Plugins/Media/MediaCompositing/Content: 'C:/Program Files/Epic Games/UE_4.27/Engine/Plugins/Media/MediaCompositing/Content' is outside repository at 'C:/Users/aiden/Documents/GitHub/Sunset-Mall-Yippee-Test-Mod-Example'
[2024.01.28-01.37.16:655][912]SourceControl: fatal: C:/Program Files/Epic Games/UE_4.27/Engine/Plugins/Runtime/AudioSynesthesia/Content: 'C:/Program Files/Epic Games/UE_4.27/Engine/Plugins/Runtime/AudioSynesthesia/Content' is outside repository at 'C:/Users/aiden/Documents/GitHub/Sunset-Mall-Yippee-Test-Mod-Example'
[2024.01.28-01.37.16:655][912]SourceControl: fatal: C:/Program Files/Epic Games/UE_4.27/Engine/Plugins/Runtime/OpenXREyeTracker/Content: 'C:/Program Files/Epic Games/UE_4.27/Engine/Plugins/Runtime/OpenXREyeTracker/Content' is outside repository at 'C:/Users/aiden/Documents/GitHub/Sunset-Mall-Yippee-Test-Mod-Example'
[2024.01.28-01.37.16:655][912]SourceControl: fatal: C:/Program Files/Epic Games/UE_4.27/Engine/Plugins/Runtime/OpenXR/Content: 'C:/Program Files/Epic Games/UE_4.27/Engine/Plugins/Runtime/OpenXR/Content' is outside repository at 'C:/Users/aiden/Documents/GitHub/Sunset-Mall-Yippee-Test-Mod-Example'
[2024.01.28-01.37.16:655][912]SourceControl: fatal: C:/Program Files/Epic Games/UE_4.27/Engine/Plugins/Runtime/OpenXRHandTracking/Content: 'C:/Program Files/Epic Games/UE_4.27/Engine/Plugins/Runtime/OpenXRHandTracking/Content' is outside repository at 'C:/Users/aiden/Documents/GitHub/Sunset-Mall-Yippee-Test-Mod-Example'
[2024.01.28-01.37.16:655][912]SourceControl: fatal: C:/Program Files/Epic Games/UE_4.27/Engine/Plugins/Runtime/PostSplashScreen/Content: 'C:/Program Files/Epic Games/UE_4.27/Engine/Plugins/Runtime/PostSplashScreen/Content' is outside repository at 'C:/Users/aiden/Documents/GitHub/Sunset-Mall-Yippee-Test-Mod-Example'
[2024.01.28-01.37.16:655][912]SourceControl: fatal: C:/Program Files/Epic Games/UE_4.27/Engine/Plugins/Runtime/Synthesis/Content: 'C:/Program Files/Epic Games/UE_4.27/Engine/Plugins/Runtime/Synthesis/Content' is outside repository at 'C:/Users/aiden/Documents/GitHub/Sunset-Mall-Yippee-Test-Mod-Example'
[2024.01.28-01.37.16:655][912]SourceControl: fatal: C:/Program Files/Epic Games/UE_4.27/Engine/Plugins/VirtualProduction/Takes/Content: 'C:/Program Files/Epic Games/UE_4.27/Engine/Plugins/VirtualProduction/Takes/Content' is outside repository at 'C:/Users/aiden/Documents/GitHub/Sunset-Mall-Yippee-Test-Mod-Example'
[2024.01.28-01.37.16:655][912]SourceControl: fatal: C:/Program Files/Epic Games/UE_4.27/Engine/Plugins/Runtime/Oculus/OculusVR/Content: 'C:/Program Files/Epic Games/UE_4.27/Engine/Plugins/Runtime/Oculus/OculusVR/Content' is outside repository at 'C:/Users/aiden/Documents/GitHub/Sunset-Mall-Yippee-Test-Mod-Example'
[2024.01.28-01.37.16:655][912]SourceControl: fatal: C:/Program Files/Epic Games/UE_4.27/Engine/Plugins/Runtime/Steam/SteamVR/Content: 'C:/Program Files/Epic Games/UE_4.27/Engine/Plugins/Runtime/Steam/SteamVR/Content' is outside repository at 'C:/Users/aiden/Documents/GitHub/Sunset-Mall-Yippee-Test-Mod-Example'
[2024.01.28-01.37.24:619][912]LogSlate: Window 'Submit Files' being destroyed
[2024.01.28-01.37.24:807][912]SourceControl: Error: warning: in the working copy of 'Config/DefaultEngine.ini', LF will be replaced by CRLF the next time Git touches it
[2024.01.28-01.37.24:807][912]SourceControl: Error: warning: in the working copy of 'SunsetMall.uproject', LF will be replaced by CRLF the next time Git touches it
[2024.01.28-01.37.24:902][912]LogSourceControl: commit successful: [main ddce2f4] Init.
[2024.01.28-01.37.25:022][912]SourceControl: Error: warning: in the working copy of 'Config/DefaultEngine.ini', LF will be replaced by CRLF the next time Git touches it
[2024.01.28-01.37.25:022][912]SourceControl: Error: warning: in the working copy of 'SunsetMall.uproject', LF will be replaced by CRLF the next time Git touches it
[2024.01.28-01.37.25:022][912]SourceControl: [main ddce2f4] Init.
[2024.01.28-01.37.25:022][912]SourceControl:  3 files changed, 22 insertions(+)
[2024.01.28-01.37.25:022][912]SourceControl:  create mode 100644 Config/DefaultEngine.ini
[2024.01.28-01.37.25:022][912]SourceControl:  create mode 100644 Content/InitBank.uasset
[2024.01.28-01.37.25:022][912]SourceControl:  create mode 100644 SunsetMall.uproject
[2024.01.28-01.37.25:032][912]SourceControl: Commited [main ddce2f4] Init..
